0 info it worked if it ends with ok
1 verbose cli [ '/usr/bin/node',
1 verbose cli   '/usr/bin/npm',
1 verbose cli   'install',
1 verbose cli   '-g',
1 verbose cli   'mongoose',
1 verbose cli   '--save' ]
2 info using npm@3.5.2
3 info using node@v8.10.0
4 silly loadCurrentTree Starting
5 silly install loadCurrentTree
6 silly install readGlobalPackageData
7 silly fetchPackageMetaData mongoose
8 silly fetchNamedPackageData mongoose
9 silly mapToRegistry name mongoose
10 silly mapToRegistry using default registry
11 silly mapToRegistry registry https://registry.npmjs.org/
12 silly mapToRegistry uri https://registry.npmjs.org/mongoose
13 verbose request uri https://registry.npmjs.org/mongoose
14 verbose request no auth needed
15 info attempt registry request try #1 at 11:04:40 AM
16 verbose request id 33ce574815efe437
17 verbose etag W/"9cabbbbdfd088d4b526b35ee1796f276"
18 verbose lastModified Mon, 10 Sep 2018 00:23:12 GMT
19 http request GET https://registry.npmjs.org/mongoose
20 http 304 https://registry.npmjs.org/mongoose
21 verbose headers { date: 'Tue, 11 Sep 2018 05:34:53 GMT',
21 verbose headers   connection: 'keep-alive',
21 verbose headers   'set-cookie':
21 verbose headers    [ '__cfduid=d91f2cbaed1bec0862bbb84a3ea687cb81536644093; expires=Wed, 11-Sep-19 05:34:53 GMT; path=/; domain=.registry.npmjs.org; HttpOnly' ],
21 verbose headers   'cf-cache-status': 'HIT',
21 verbose headers   'cache-control': 'max-age=300',
21 verbose headers   'cf-ray': '4587c4924ad4a296-HKG',
21 verbose headers   etag: '"9cabbbbdfd088d4b526b35ee1796f276"',
21 verbose headers   'expect-ct': 'max-age=604800, report-uri="https://report-uri.cloudflare.com/cdn-cgi/beacon/expect-ct"',
21 verbose headers   'last-modified': 'Mon, 10 Sep 2018 00:23:12 GMT',
21 verbose headers   vary: 'accept-encoding, accept',
21 verbose headers   'x-amz-meta-rev': '1675-8b6a5e674d4d0ea9a960860951e231e5',
21 verbose headers   server: 'cloudflare' }
22 silly get cb [ 304,
22 silly get   { date: 'Tue, 11 Sep 2018 05:34:53 GMT',
22 silly get     connection: 'keep-alive',
22 silly get     'set-cookie':
22 silly get      [ '__cfduid=d91f2cbaed1bec0862bbb84a3ea687cb81536644093; expires=Wed, 11-Sep-19 05:34:53 GMT; path=/; domain=.registry.npmjs.org; HttpOnly' ],
22 silly get     'cf-cache-status': 'HIT',
22 silly get     'cache-control': 'max-age=300',
22 silly get     'cf-ray': '4587c4924ad4a296-HKG',
22 silly get     etag: '"9cabbbbdfd088d4b526b35ee1796f276"',
22 silly get     'expect-ct': 'max-age=604800, report-uri="https://report-uri.cloudflare.com/cdn-cgi/beacon/expect-ct"',
22 silly get     'last-modified': 'Mon, 10 Sep 2018 00:23:12 GMT',
22 silly get     vary: 'accept-encoding, accept',
22 silly get     'x-amz-meta-rev': '1675-8b6a5e674d4d0ea9a960860951e231e5',
22 silly get     server: 'cloudflare' } ]
23 verbose etag https://registry.npmjs.org/mongoose from cache
24 verbose get saving mongoose to /home/chaminda/.npm/registry.npmjs.org/mongoose/.cache.json
25 silly install normalizeTree
26 silly loadCurrentTree Finishing
27 silly loadIdealTree Starting
28 silly install loadIdealTree
29 silly cloneCurrentTree Starting
30 silly install cloneCurrentTreeToIdealTree
31 silly cloneCurrentTree Finishing
32 silly loadShrinkwrap Starting
33 silly install loadShrinkwrap
34 silly loadShrinkwrap Finishing
35 silly loadAllDepsIntoIdealTree Starting
36 silly install loadAllDepsIntoIdealTree
37 silly resolveWithNewModule mongoose@5.2.14 checking installable status
38 silly cache add args [ 'mongoose', null ]
39 verbose cache add spec mongoose
40 silly cache add parsed spec Result {
40 silly cache add   raw: 'mongoose',
40 silly cache add   scope: null,
40 silly cache add   name: 'mongoose',
40 silly cache add   rawSpec: '',
40 silly cache add   spec: 'latest',
40 silly cache add   type: 'tag' }
41 silly addNamed mongoose@latest
42 verbose addNamed "latest" is being treated as a dist-tag for mongoose
43 info addNameTag [ 'mongoose', 'latest' ]
44 silly mapToRegistry name mongoose
45 silly mapToRegistry using default registry
46 silly mapToRegistry registry https://registry.npmjs.org/
47 silly mapToRegistry uri https://registry.npmjs.org/mongoose
48 verbose addNameTag registry:https://registry.npmjs.org/mongoose not in flight; fetching
49 verbose get https://registry.npmjs.org/mongoose not expired, no request
50 silly addNameTag next cb for mongoose with tag latest
51 silly addNamed mongoose@5.2.14
52 verbose addNamed "5.2.14" is a plain semver version for mongoose
53 silly cache afterAdd mongoose@5.2.14
54 verbose afterAdd /home/chaminda/.npm/mongoose/5.2.14/package/package.json not in flight; writing
55 verbose afterAdd /home/chaminda/.npm/mongoose/5.2.14/package/package.json written
56 silly fetchNamedPackageData async
57 silly mapToRegistry name async
58 silly mapToRegistry using default registry
59 silly mapToRegistry registry https://registry.npmjs.org/
60 silly mapToRegistry uri https://registry.npmjs.org/async
61 silly fetchNamedPackageData bson
62 silly mapToRegistry name bson
63 silly mapToRegistry using default registry
64 silly mapToRegistry registry https://registry.npmjs.org/
65 silly mapToRegistry uri https://registry.npmjs.org/bson
66 silly fetchNamedPackageData kareem
67 silly mapToRegistry name kareem
68 silly mapToRegistry using default registry
69 silly mapToRegistry registry https://registry.npmjs.org/
70 silly mapToRegistry uri https://registry.npmjs.org/kareem
71 silly fetchNamedPackageData lodash.get
72 silly mapToRegistry name lodash.get
73 silly mapToRegistry using default registry
74 silly mapToRegistry registry https://registry.npmjs.org/
75 silly mapToRegistry uri https://registry.npmjs.org/lodash.get
76 silly fetchNamedPackageData mongodb
77 silly mapToRegistry name mongodb
78 silly mapToRegistry using default registry
79 silly mapToRegistry registry https://registry.npmjs.org/
80 silly mapToRegistry uri https://registry.npmjs.org/mongodb
81 silly fetchNamedPackageData mongodb-core
82 silly mapToRegistry name mongodb-core
83 silly mapToRegistry using default registry
84 silly mapToRegistry registry https://registry.npmjs.org/
85 silly mapToRegistry uri https://registry.npmjs.org/mongodb-core
86 silly fetchNamedPackageData mongoose-legacy-pluralize
87 silly mapToRegistry name mongoose-legacy-pluralize
88 silly mapToRegistry using default registry
89 silly mapToRegistry registry https://registry.npmjs.org/
90 silly mapToRegistry uri https://registry.npmjs.org/mongoose-legacy-pluralize
91 silly fetchNamedPackageData mpath
92 silly mapToRegistry name mpath
93 silly mapToRegistry using default registry
94 silly mapToRegistry registry https://registry.npmjs.org/
95 silly mapToRegistry uri https://registry.npmjs.org/mpath
96 silly fetchNamedPackageData mquery
97 silly mapToRegistry name mquery
98 silly mapToRegistry using default registry
99 silly mapToRegistry registry https://registry.npmjs.org/
100 silly mapToRegistry uri https://registry.npmjs.org/mquery
101 silly fetchNamedPackageData ms
102 silly mapToRegistry name ms
103 silly mapToRegistry using default registry
104 silly mapToRegistry registry https://registry.npmjs.org/
105 silly mapToRegistry uri https://registry.npmjs.org/ms
106 silly fetchNamedPackageData regexp-clone
107 silly mapToRegistry name regexp-clone
108 silly mapToRegistry using default registry
109 silly mapToRegistry registry https://registry.npmjs.org/
110 silly mapToRegistry uri https://registry.npmjs.org/regexp-clone
111 silly fetchNamedPackageData safe-buffer
112 silly mapToRegistry name safe-buffer
113 silly mapToRegistry using default registry
114 silly mapToRegistry registry https://registry.npmjs.org/
115 silly mapToRegistry uri https://registry.npmjs.org/safe-buffer
116 silly fetchNamedPackageData sliced
117 silly mapToRegistry name sliced
118 silly mapToRegistry using default registry
119 silly mapToRegistry registry https://registry.npmjs.org/
120 silly mapToRegistry uri https://registry.npmjs.org/sliced
121 verbose request uri https://registry.npmjs.org/bson
122 verbose request no auth needed
123 info attempt registry request try #1 at 11:04:54 AM
124 verbose etag W/"ae0ac29e248f172eac8f3b1231739489"
125 verbose lastModified Mon, 13 Aug 2018 15:33:34 GMT
126 http request GET https://registry.npmjs.org/bson
127 verbose request uri https://registry.npmjs.org/kareem
128 verbose request no auth needed
129 info attempt registry request try #1 at 11:04:54 AM
130 verbose etag W/"647ae9c0ed27fbf90656ef457eefd02b"
131 verbose lastModified Mon, 10 Sep 2018 01:18:48 GMT
132 http request GET https://registry.npmjs.org/kareem
133 verbose request uri https://registry.npmjs.org/lodash.get
134 verbose request no auth needed
135 info attempt registry request try #1 at 11:04:54 AM
136 verbose etag W/"fff821c1ff814fa1ebc6addc6b5c4f1a"
137 verbose lastModified Sun, 27 May 2018 06:58:31 GMT
138 http request GET https://registry.npmjs.org/lodash.get
139 verbose request uri https://registry.npmjs.org/mongodb
140 verbose request no auth needed
141 info attempt registry request try #1 at 11:04:54 AM
142 verbose etag W/"76804b7320dcbc131f267f344469d56e"
143 verbose lastModified Sat, 25 Aug 2018 16:22:47 GMT
144 http request GET https://registry.npmjs.org/mongodb
145 verbose request uri https://registry.npmjs.org/mongodb-core
146 verbose request no auth needed
147 info attempt registry request try #1 at 11:04:54 AM
148 verbose etag W/"be743208ac80fc670e51b5db0f60d847"
149 verbose lastModified Sat, 25 Aug 2018 16:15:59 GMT
150 http request GET https://registry.npmjs.org/mongodb-core
151 verbose request uri https://registry.npmjs.org/mongoose-legacy-pluralize
152 verbose request no auth needed
153 info attempt registry request try #1 at 11:04:54 AM
154 verbose etag W/"081a4dd986bf38b53e2127955889b2b8"
155 verbose lastModified Sun, 27 May 2018 08:31:07 GMT
156 http request GET https://registry.npmjs.org/mongoose-legacy-pluralize
157 verbose request uri https://registry.npmjs.org/mpath
158 verbose request no auth needed
159 info attempt registry request try #1 at 11:04:54 AM
160 verbose etag "f575a60f41dd6fb41db76a4cc6c4d129"
161 verbose lastModified Thu, 30 Aug 2018 15:55:01 GMT
162 http request GET https://registry.npmjs.org/mpath
163 verbose request uri https://registry.npmjs.org/mquery
164 verbose request no auth needed
165 info attempt registry request try #1 at 11:04:54 AM
166 verbose etag W/"0a38364777fb5e81a51f3925adaebf09"
167 verbose lastModified Fri, 24 Aug 2018 17:36:17 GMT
168 http request GET https://registry.npmjs.org/mquery
169 verbose request uri https://registry.npmjs.org/regexp-clone
170 verbose request no auth needed
171 info attempt registry request try #1 at 11:04:54 AM
172 verbose etag W/"39e75d2b3298d056a30591fbf66aecd8"
173 verbose lastModified Sun, 27 May 2018 15:43:49 GMT
174 http request GET https://registry.npmjs.org/regexp-clone
175 verbose request uri https://registry.npmjs.org/safe-buffer
176 verbose request no auth needed
177 info attempt registry request try #1 at 11:04:54 AM
178 verbose etag W/"07ec7479fe6b127e352416b3d45167a8"
179 verbose lastModified Fri, 03 Aug 2018 00:39:59 GMT
180 http request GET https://registry.npmjs.org/safe-buffer
181 verbose request uri https://registry.npmjs.org/sliced
182 verbose request no auth needed
183 info attempt registry request try #1 at 11:04:54 AM
184 verbose etag W/"a04314844e0f31156a4f2686f1b9b55a"
185 verbose lastModified Wed, 01 Aug 2018 08:45:15 GMT
186 http request GET https://registry.npmjs.org/sliced
187 verbose request uri https://registry.npmjs.org/async
188 verbose request no auth needed
189 info attempt registry request try #1 at 11:04:54 AM
190 verbose etag W/"abdead87b14b8794c1378fe16df7c364"
191 verbose lastModified Thu, 02 Aug 2018 09:50:30 GMT
192 http request GET https://registry.npmjs.org/async
193 verbose request uri https://registry.npmjs.org/ms
194 verbose request no auth needed
195 info attempt registry request try #1 at 11:04:54 AM
196 verbose etag W/"c4a0ab4f116dc1745243122879e62f93"
197 verbose lastModified Fri, 03 Aug 2018 01:28:24 GMT
198 http request GET https://registry.npmjs.org/ms
199 http 304 https://registry.npmjs.org/bson
200 verbose headers { date: 'Tue, 11 Sep 2018 05:34:55 GMT',
200 verbose headers   connection: 'keep-alive',
200 verbose headers   'set-cookie':
200 verbose headers    [ '__cfduid=d827e494a5b0ff78c7372a1e526cf5cfc1536644095; expires=Wed, 11-Sep-19 05:34:55 GMT; path=/; domain=.registry.npmjs.org; HttpOnly' ],
200 verbose headers   'cf-cache-status': 'HIT',
200 verbose headers   'cache-control': 'max-age=300',
200 verbose headers   'cf-ray': '4587c499bba9a296-HKG',
200 verbose headers   etag: '"ae0ac29e248f172eac8f3b1231739489"',
200 verbose headers   'expect-ct': 'max-age=604800, report-uri="https://report-uri.cloudflare.com/cdn-cgi/beacon/expect-ct"',
200 verbose headers   'last-modified': 'Mon, 13 Aug 2018 15:33:34 GMT',
200 verbose headers   vary: 'accept-encoding, accept',
200 verbose headers   server: 'cloudflare' }
201 silly get cb [ 304,
201 silly get   { date: 'Tue, 11 Sep 2018 05:34:55 GMT',
201 silly get     connection: 'keep-alive',
201 silly get     'set-cookie':
201 silly get      [ '__cfduid=d827e494a5b0ff78c7372a1e526cf5cfc1536644095; expires=Wed, 11-Sep-19 05:34:55 GMT; path=/; domain=.registry.npmjs.org; HttpOnly' ],
201 silly get     'cf-cache-status': 'HIT',
201 silly get     'cache-control': 'max-age=300',
201 silly get     'cf-ray': '4587c499bba9a296-HKG',
201 silly get     etag: '"ae0ac29e248f172eac8f3b1231739489"',
201 silly get     'expect-ct': 'max-age=604800, report-uri="https://report-uri.cloudflare.com/cdn-cgi/beacon/expect-ct"',
201 silly get     'last-modified': 'Mon, 13 Aug 2018 15:33:34 GMT',
201 silly get     vary: 'accept-encoding, accept',
201 silly get     server: 'cloudflare' } ]
202 verbose etag https://registry.npmjs.org/bson from cache
203 verbose get saving bson to /home/chaminda/.npm/registry.npmjs.org/bson/.cache.json
204 silly resolveWithNewModule bson@1.0.9 checking installable status
205 silly cache add args [ 'bson@~1.0.5', null ]
206 verbose cache add spec bson@~1.0.5
207 silly cache add parsed spec Result {
207 silly cache add   raw: 'bson@~1.0.5',
207 silly cache add   scope: null,
207 silly cache add   name: 'bson',
207 silly cache add   rawSpec: '~1.0.5',
207 silly cache add   spec: '>=1.0.5 <1.1.0',
207 silly cache add   type: 'range' }
208 silly addNamed bson@>=1.0.5 <1.1.0
209 verbose addNamed ">=1.0.5 <1.1.0" is a valid semver range for bson
210 silly addNameRange { name: 'bson', range: '>=1.0.5 <1.1.0', hasData: false }
211 silly mapToRegistry name bson
212 silly mapToRegistry using default registry
213 silly mapToRegistry registry https://registry.npmjs.org/
214 silly mapToRegistry uri https://registry.npmjs.org/bson
215 verbose addNameRange registry:https://registry.npmjs.org/bson not in flight; fetching
216 verbose get https://registry.npmjs.org/bson not expired, no request
217 silly addNameRange number 2 { name: 'bson', range: '>=1.0.5 <1.1.0', hasData: true }
218 silly addNameRange versions [ 'bson',
218 silly addNameRange   [ '0.0.1',
218 silly addNameRange     '0.0.2',
218 silly addNameRange     '0.0.3',
218 silly addNameRange     '0.0.4',
218 silly addNameRange     '0.0.5',
218 silly addNameRange     '0.0.6',
218 silly addNameRange     '0.0.7',
218 silly addNameRange     '0.0.8',
218 silly addNameRange     '0.0.9',
218 silly addNameRange     '0.1.0',
218 silly addNameRange     '0.1.1',
218 silly addNameRange     '0.1.3',
218 silly addNameRange     '0.1.4',
218 silly addNameRange     '0.1.5',
218 silly addNameRange     '0.1.6',
218 silly addNameRange     '0.1.7',
218 silly addNameRange     '0.1.8',
218 silly addNameRange     '0.1.9',
218 silly addNameRange     '0.2.0',
218 silly addNameRange     '0.2.1',
218 silly addNameRange     '0.2.2',
218 silly addNameRange     '0.2.3',
218 silly addNameRange     '0.2.4',
218 silly addNameRange     '0.2.5',
218 silly addNameRange     '0.2.6',
218 silly addNameRange     '0.2.7',
218 silly addNameRange     '0.2.8',
218 silly addNameRange     '0.2.9',
218 silly addNameRange     '0.2.10',
218 silly addNameRange     '0.2.11',
218 silly addNameRange     '0.2.12',
218 silly addNameRange     '0.2.13',
218 silly addNameRange     '0.2.14',
218 silly addNameRange     '0.2.15',
218 silly addNameRange     '0.2.16',
218 silly addNameRange     '0.2.17',
218 silly addNameRange     '0.2.18',
218 silly addNameRange     '0.2.19',
218 silly addNameRange     '0.2.20',
218 silly addNameRange     '0.2.21',
218 silly addNameRange     '0.3.0',
218 silly addNameRange     '0.3.1',
218 silly addNameRange     '0.3.2',
218 silly addNameRange     '0.4.0',
218 silly addNameRange     '0.4.1',
218 silly addNameRange     '0.4.2',
218 silly addNameRange     '0.4.3',
218 silly addNameRange     '0.4.4',
218 silly addNameRange     '0.4.5',
218 silly addNameRange     '0.4.6',
218 silly addNameRange     '0.4.7',
218 silly addNameRange     '0.4.8',
218 silly addNameRange     '0.2.22',
218 silly addNameRange     '0.4.10',
218 silly addNameRange     '0.4.12',
218 silly addNameRange     '0.4.13',
218 silly addNameRange     '0.4.14',
218 silly addNameRange     '0.4.15',
218 silly addNameRange     '0.4.16',
218 silly addNameRange     '0.4.17',
218 silly addNameRange     '0.4.18',
218 silly addNameRange     '0.4.19',
218 silly addNameRange     '0.4.20',
218 silly addNameRange     '0.4.21',
218 silly addNameRange     '0.4.22',
218 silly addNameRange     '0.4.23',
218 silly addNameRange     '0.5.0',
218 silly addNameRange     '0.5.1',
218 silly addNameRange     '0.5.2',
218 silly addNameRange     '0.5.3',
218 silly addNameRange     '0.5.4',
218 silly addNameRange     '0.5.5',
218 silly addNameRange     '0.5.6',
218 silly addNameRange     '0.5.7',
218 silly addNameRange     '1.0.0',
218 silly addNameRange     '1.0.1',
218 silly addNameRange     '1.0.2',
218 silly addNameRange     '1.0.3',
218 silly addNameRange     '1.0.4',
218 silly addNameRange     '2.0.0',
218 silly addNameRange     '1.0.5',
218 silly addNameRange     '2.0.1',
218 silly addNameRange     '2.0.2',
218 silly addNameRange     '1.0.6',
218 silly addNameRange     '2.0.3',
218 silly addNameRange     '2.0.4',
218 silly addNameRange     '2.0.5',
218 silly addNameRange     '2.0.6',
218 silly addNameRange     '2.0.7',
218 silly addNameRange     '1.0.7',
218 silly addNameRange     '2.0.8',
218 silly addNameRange     '1.0.8',
218 silly addNameRange     '1.0.9',
218 silly addNameRange     '3.0.0',
218 silly addNameRange     '3.0.1',
218 silly addNameRange     '3.0.2',
218 silly addNameRange     '1.1.0' ] ]
219 silly addNamed bson@1.0.9
220 verbose addNamed "1.0.9" is a plain semver version for bson
221 silly cache afterAdd bson@1.0.9
222 verbose afterAdd /home/chaminda/.npm/bson/1.0.9/package/package.json not in flight; writing
223 verbose afterAdd /home/chaminda/.npm/bson/1.0.9/package/package.json written
224 http 304 https://registry.npmjs.org/lodash.get
225 verbose headers { date: 'Tue, 11 Sep 2018 05:34:58 GMT',
225 verbose headers   connection: 'keep-alive',
225 verbose headers   'set-cookie':
225 verbose headers    [ '__cfduid=d4546dbe8b09040ef5df03e3c5912bff21536644098; expires=Wed, 11-Sep-19 05:34:58 GMT; path=/; domain=.registry.npmjs.org; HttpOnly' ],
225 verbose headers   'cf-cache-status': 'HIT',
225 verbose headers   'cache-control': 'max-age=300',
225 verbose headers   'cf-ray': '4587c4acde8e33e5-HKG',
225 verbose headers   etag: '"fff821c1ff814fa1ebc6addc6b5c4f1a"',
225 verbose headers   'expect-ct': 'max-age=604800, report-uri="https://report-uri.cloudflare.com/cdn-cgi/beacon/expect-ct"',
225 verbose headers   'last-modified': 'Sun, 27 May 2018 06:58:31 GMT',
225 verbose headers   vary: 'accept-encoding, accept',
225 verbose headers   server: 'cloudflare' }
226 silly get cb [ 304,
226 silly get   { date: 'Tue, 11 Sep 2018 05:34:58 GMT',
226 silly get     connection: 'keep-alive',
226 silly get     'set-cookie':
226 silly get      [ '__cfduid=d4546dbe8b09040ef5df03e3c5912bff21536644098; expires=Wed, 11-Sep-19 05:34:58 GMT; path=/; domain=.registry.npmjs.org; HttpOnly' ],
226 silly get     'cf-cache-status': 'HIT',
226 silly get     'cache-control': 'max-age=300',
226 silly get     'cf-ray': '4587c4acde8e33e5-HKG',
226 silly get     etag: '"fff821c1ff814fa1ebc6addc6b5c4f1a"',
226 silly get     'expect-ct': 'max-age=604800, report-uri="https://report-uri.cloudflare.com/cdn-cgi/beacon/expect-ct"',
226 silly get     'last-modified': 'Sun, 27 May 2018 06:58:31 GMT',
226 silly get     vary: 'accept-encoding, accept',
226 silly get     server: 'cloudflare' } ]
227 verbose etag https://registry.npmjs.org/lodash.get from cache
228 verbose get saving lodash.get to /home/chaminda/.npm/registry.npmjs.org/lodash.get/.cache.json
229 http 304 https://registry.npmjs.org/mongodb
230 verbose headers { date: 'Tue, 11 Sep 2018 05:34:58 GMT',
230 verbose headers   connection: 'keep-alive',
230 verbose headers   'set-cookie':
230 verbose headers    [ '__cfduid=d9f19a9233db6d82cdcdb7bb2d3f5c27f1536644098; expires=Wed, 11-Sep-19 05:34:58 GMT; path=/; domain=.registry.npmjs.org; HttpOnly' ],
230 verbose headers   'cf-cache-status': 'HIT',
230 verbose headers   'cache-control': 'max-age=300',
230 verbose headers   'cf-ray': '4587c4ad4ba433a3-HKG',
230 verbose headers   etag: '"76804b7320dcbc131f267f344469d56e"',
230 verbose headers   'expect-ct': 'max-age=604800, report-uri="https://report-uri.cloudflare.com/cdn-cgi/beacon/expect-ct"',
230 verbose headers   'last-modified': 'Sat, 25 Aug 2018 16:22:47 GMT',
230 verbose headers   vary: 'accept-encoding, accept',
230 verbose headers   server: 'cloudflare' }
231 silly get cb [ 304,
231 silly get   { date: 'Tue, 11 Sep 2018 05:34:58 GMT',
231 silly get     connection: 'keep-alive',
231 silly get     'set-cookie':
231 silly get      [ '__cfduid=d9f19a9233db6d82cdcdb7bb2d3f5c27f1536644098; expires=Wed, 11-Sep-19 05:34:58 GMT; path=/; domain=.registry.npmjs.org; HttpOnly' ],
231 silly get     'cf-cache-status': 'HIT',
231 silly get     'cache-control': 'max-age=300',
231 silly get     'cf-ray': '4587c4ad4ba433a3-HKG',
231 silly get     etag: '"76804b7320dcbc131f267f344469d56e"',
231 silly get     'expect-ct': 'max-age=604800, report-uri="https://report-uri.cloudflare.com/cdn-cgi/beacon/expect-ct"',
231 silly get     'last-modified': 'Sat, 25 Aug 2018 16:22:47 GMT',
231 silly get     vary: 'accept-encoding, accept',
231 silly get     server: 'cloudflare' } ]
232 verbose etag https://registry.npmjs.org/mongodb from cache
233 verbose get saving mongodb to /home/chaminda/.npm/registry.npmjs.org/mongodb/.cache.json
234 silly resolveWithNewModule lodash.get@4.4.2 checking installable status
235 silly cache add args [ 'lodash.get@4.4.2', null ]
236 verbose cache add spec lodash.get@4.4.2
237 silly cache add parsed spec Result {
237 silly cache add   raw: 'lodash.get@4.4.2',
237 silly cache add   scope: null,
237 silly cache add   name: 'lodash.get',
237 silly cache add   rawSpec: '4.4.2',
237 silly cache add   spec: '4.4.2',
237 silly cache add   type: 'version' }
238 silly addNamed lodash.get@4.4.2
239 verbose addNamed "4.4.2" is a plain semver version for lodash.get
240 silly mapToRegistry name lodash.get
241 silly mapToRegistry using default registry
242 silly mapToRegistry registry https://registry.npmjs.org/
243 silly mapToRegistry uri https://registry.npmjs.org/lodash.get
244 verbose addNameVersion registry:https://registry.npmjs.org/lodash.get not in flight; fetching
245 verbose get https://registry.npmjs.org/lodash.get not expired, no request
246 silly resolveWithNewModule mongodb@3.1.4 checking installable status
247 silly cache add args [ 'mongodb@3.1.4', null ]
248 verbose cache add spec mongodb@3.1.4
249 silly cache add parsed spec Result {
249 silly cache add   raw: 'mongodb@3.1.4',
249 silly cache add   scope: null,
249 silly cache add   name: 'mongodb',
249 silly cache add   rawSpec: '3.1.4',
249 silly cache add   spec: '3.1.4',
249 silly cache add   type: 'version' }
250 silly addNamed mongodb@3.1.4
251 verbose addNamed "3.1.4" is a plain semver version for mongodb
252 silly mapToRegistry name mongodb
253 silly mapToRegistry using default registry
254 silly mapToRegistry registry https://registry.npmjs.org/
255 silly mapToRegistry uri https://registry.npmjs.org/mongodb
256 verbose addNameVersion registry:https://registry.npmjs.org/mongodb not in flight; fetching
257 silly cache afterAdd lodash.get@4.4.2
258 verbose afterAdd /home/chaminda/.npm/lodash.get/4.4.2/package/package.json not in flight; writing
259 verbose get https://registry.npmjs.org/mongodb not expired, no request
260 http 304 https://registry.npmjs.org/mongoose-legacy-pluralize
261 verbose headers { date: 'Tue, 11 Sep 2018 05:34:58 GMT',
261 verbose headers   connection: 'keep-alive',
261 verbose headers   'set-cookie':
261 verbose headers    [ '__cfduid=d7fb96307d21fd1dc496a69c54f6ce8741536644098; expires=Wed, 11-Sep-19 05:34:58 GMT; path=/; domain=.registry.npmjs.org; HttpOnly' ],
261 verbose headers   'cf-cache-status': 'HIT',
261 verbose headers   'cache-control': 'max-age=300',
261 verbose headers   'cf-ray': '4587c4b06efa852c-HKG',
261 verbose headers   etag: '"081a4dd986bf38b53e2127955889b2b8"',
261 verbose headers   'expect-ct': 'max-age=604800, report-uri="https://report-uri.cloudflare.com/cdn-cgi/beacon/expect-ct"',
261 verbose headers   'last-modified': 'Sun, 27 May 2018 08:31:07 GMT',
261 verbose headers   vary: 'accept-encoding, accept',
261 verbose headers   server: 'cloudflare' }
262 silly get cb [ 304,
262 silly get   { date: 'Tue, 11 Sep 2018 05:34:58 GMT',
262 silly get     connection: 'keep-alive',
262 silly get     'set-cookie':
262 silly get      [ '__cfduid=d7fb96307d21fd1dc496a69c54f6ce8741536644098; expires=Wed, 11-Sep-19 05:34:58 GMT; path=/; domain=.registry.npmjs.org; HttpOnly' ],
262 silly get     'cf-cache-status': 'HIT',
262 silly get     'cache-control': 'max-age=300',
262 silly get     'cf-ray': '4587c4b06efa852c-HKG',
262 silly get     etag: '"081a4dd986bf38b53e2127955889b2b8"',
262 silly get     'expect-ct': 'max-age=604800, report-uri="https://report-uri.cloudflare.com/cdn-cgi/beacon/expect-ct"',
262 silly get     'last-modified': 'Sun, 27 May 2018 08:31:07 GMT',
262 silly get     vary: 'accept-encoding, accept',
262 silly get     server: 'cloudflare' } ]
263 verbose etag https://registry.npmjs.org/mongoose-legacy-pluralize from cache
264 verbose get saving mongoose-legacy-pluralize to /home/chaminda/.npm/registry.npmjs.org/mongoose-legacy-pluralize/.cache.json
265 http 304 https://registry.npmjs.org/kareem
266 verbose headers { date: 'Tue, 11 Sep 2018 05:34:58 GMT',
266 verbose headers   connection: 'keep-alive',
266 verbose headers   'set-cookie':
266 verbose headers    [ '__cfduid=db9d2355fb319a9e6b7af4ec87a6279781536644098; expires=Wed, 11-Sep-19 05:34:58 GMT; path=/; domain=.registry.npmjs.org; HttpOnly' ],
266 verbose headers   'cf-cache-status': 'REVALIDATED',
266 verbose headers   'cache-control': 'max-age=300',
266 verbose headers   'cf-ray': '4587c4ac9ea133fd-HKG',
266 verbose headers   etag: '"647ae9c0ed27fbf90656ef457eefd02b"',
266 verbose headers   'expect-ct': 'max-age=604800, report-uri="https://report-uri.cloudflare.com/cdn-cgi/beacon/expect-ct"',
266 verbose headers   'last-modified': 'Mon, 10 Sep 2018 01:18:48 GMT',
266 verbose headers   vary: 'accept-encoding, accept',
266 verbose headers   'x-amz-meta-rev': '57-0b62e1eb4cd7da39664708dace7aeaba',
266 verbose headers   server: 'cloudflare' }
267 silly get cb [ 304,
267 silly get   { date: 'Tue, 11 Sep 2018 05:34:58 GMT',
267 silly get     connection: 'keep-alive',
267 silly get     'set-cookie':
267 silly get      [ '__cfduid=db9d2355fb319a9e6b7af4ec87a6279781536644098; expires=Wed, 11-Sep-19 05:34:58 GMT; path=/; domain=.registry.npmjs.org; HttpOnly' ],
267 silly get     'cf-cache-status': 'REVALIDATED',
267 silly get     'cache-control': 'max-age=300',
267 silly get     'cf-ray': '4587c4ac9ea133fd-HKG',
267 silly get     etag: '"647ae9c0ed27fbf90656ef457eefd02b"',
267 silly get     'expect-ct': 'max-age=604800, report-uri="https://report-uri.cloudflare.com/cdn-cgi/beacon/expect-ct"',
267 silly get     'last-modified': 'Mon, 10 Sep 2018 01:18:48 GMT',
267 silly get     vary: 'accept-encoding, accept',
267 silly get     'x-amz-meta-rev': '57-0b62e1eb4cd7da39664708dace7aeaba',
267 silly get     server: 'cloudflare' } ]
268 verbose etag https://registry.npmjs.org/kareem from cache
269 verbose get saving kareem to /home/chaminda/.npm/registry.npmjs.org/kareem/.cache.json
270 verbose afterAdd /home/chaminda/.npm/lodash.get/4.4.2/package/package.json written
271 silly cache afterAdd mongodb@3.1.4
272 verbose afterAdd /home/chaminda/.npm/mongodb/3.1.4/package/package.json not in flight; writing
273 silly resolveWithNewModule mongoose-legacy-pluralize@1.0.2 checking installable status
274 silly cache add args [ 'mongoose-legacy-pluralize@1.0.2', null ]
275 verbose cache add spec mongoose-legacy-pluralize@1.0.2
276 silly cache add parsed spec Result {
276 silly cache add   raw: 'mongoose-legacy-pluralize@1.0.2',
276 silly cache add   scope: null,
276 silly cache add   name: 'mongoose-legacy-pluralize',
276 silly cache add   rawSpec: '1.0.2',
276 silly cache add   spec: '1.0.2',
276 silly cache add   type: 'version' }
277 silly addNamed mongoose-legacy-pluralize@1.0.2
278 verbose addNamed "1.0.2" is a plain semver version for mongoose-legacy-pluralize
279 silly mapToRegistry name mongoose-legacy-pluralize
280 silly mapToRegistry using default registry
281 silly mapToRegistry registry https://registry.npmjs.org/
282 silly mapToRegistry uri https://registry.npmjs.org/mongoose-legacy-pluralize
283 verbose addNameVersion registry:https://registry.npmjs.org/mongoose-legacy-pluralize not in flight; fetching
284 silly resolveWithNewModule kareem@2.2.1 checking installable status
285 silly cache add args [ 'kareem@2.2.1', null ]
286 verbose cache add spec kareem@2.2.1
287 silly cache add parsed spec Result {
287 silly cache add   raw: 'kareem@2.2.1',
287 silly cache add   scope: null,
287 silly cache add   name: 'kareem',
287 silly cache add   rawSpec: '2.2.1',
287 silly cache add   spec: '2.2.1',
287 silly cache add   type: 'version' }
288 silly addNamed kareem@2.2.1
289 verbose addNamed "2.2.1" is a plain semver version for kareem
290 silly mapToRegistry name kareem
291 silly mapToRegistry using default registry
292 silly mapToRegistry registry https://registry.npmjs.org/
293 silly mapToRegistry uri https://registry.npmjs.org/kareem
294 verbose addNameVersion registry:https://registry.npmjs.org/kareem not in flight; fetching
295 verbose afterAdd /home/chaminda/.npm/mongodb/3.1.4/package/package.json written
296 verbose get https://registry.npmjs.org/mongoose-legacy-pluralize not expired, no request
297 verbose get https://registry.npmjs.org/kareem not expired, no request
298 silly cache afterAdd mongoose-legacy-pluralize@1.0.2
299 verbose afterAdd /home/chaminda/.npm/mongoose-legacy-pluralize/1.0.2/package/package.json not in flight; writing
300 silly cache afterAdd kareem@2.2.1
301 verbose afterAdd /home/chaminda/.npm/kareem/2.2.1/package/package.json not in flight; writing
302 verbose afterAdd /home/chaminda/.npm/mongoose-legacy-pluralize/1.0.2/package/package.json written
303 verbose afterAdd /home/chaminda/.npm/kareem/2.2.1/package/package.json written
304 http 304 https://registry.npmjs.org/safe-buffer
305 verbose headers { date: 'Tue, 11 Sep 2018 05:34:59 GMT',
305 verbose headers   connection: 'keep-alive',
305 verbose headers   'set-cookie':
305 verbose headers    [ '__cfduid=d5cd649bf801c68da413db2f4bcffac7a1536644099; expires=Wed, 11-Sep-19 05:34:59 GMT; path=/; domain=.registry.npmjs.org; HttpOnly' ],
305 verbose headers   'cf-cache-status': 'HIT',
305 verbose headers   'cache-control': 'max-age=300',
305 verbose headers   'cf-ray': '4587c4b3886f33f7-HKG',
305 verbose headers   etag: '"07ec7479fe6b127e352416b3d45167a8"',
305 verbose headers   'expect-ct': 'max-age=604800, report-uri="https://report-uri.cloudflare.com/cdn-cgi/beacon/expect-ct"',
305 verbose headers   'last-modified': 'Fri, 03 Aug 2018 00:39:59 GMT',
305 verbose headers   vary: 'accept-encoding, accept',
305 verbose headers   server: 'cloudflare' }
306 silly get cb [ 304,
306 silly get   { date: 'Tue, 11 Sep 2018 05:34:59 GMT',
306 silly get     connection: 'keep-alive',
306 silly get     'set-cookie':
306 silly get      [ '__cfduid=d5cd649bf801c68da413db2f4bcffac7a1536644099; expires=Wed, 11-Sep-19 05:34:59 GMT; path=/; domain=.registry.npmjs.org; HttpOnly' ],
306 silly get     'cf-cache-status': 'HIT',
306 silly get     'cache-control': 'max-age=300',
306 silly get     'cf-ray': '4587c4b3886f33f7-HKG',
306 silly get     etag: '"07ec7479fe6b127e352416b3d45167a8"',
306 silly get     'expect-ct': 'max-age=604800, report-uri="https://report-uri.cloudflare.com/cdn-cgi/beacon/expect-ct"',
306 silly get     'last-modified': 'Fri, 03 Aug 2018 00:39:59 GMT',
306 silly get     vary: 'accept-encoding, accept',
306 silly get     server: 'cloudflare' } ]
307 verbose etag https://registry.npmjs.org/safe-buffer from cache
308 verbose get saving safe-buffer to /home/chaminda/.npm/registry.npmjs.org/safe-buffer/.cache.json
309 silly resolveWithNewModule safe-buffer@5.1.2 checking installable status
310 silly cache add args [ 'safe-buffer@5.1.2', null ]
311 verbose cache add spec safe-buffer@5.1.2
312 silly cache add parsed spec Result {
312 silly cache add   raw: 'safe-buffer@5.1.2',
312 silly cache add   scope: null,
312 silly cache add   name: 'safe-buffer',
312 silly cache add   rawSpec: '5.1.2',
312 silly cache add   spec: '5.1.2',
312 silly cache add   type: 'version' }
313 silly addNamed safe-buffer@5.1.2
314 verbose addNamed "5.1.2" is a plain semver version for safe-buffer
315 silly mapToRegistry name safe-buffer
316 silly mapToRegistry using default registry
317 silly mapToRegistry registry https://registry.npmjs.org/
318 silly mapToRegistry uri https://registry.npmjs.org/safe-buffer
319 verbose addNameVersion registry:https://registry.npmjs.org/safe-buffer not in flight; fetching
320 verbose get https://registry.npmjs.org/safe-buffer not expired, no request
321 silly cache afterAdd safe-buffer@5.1.2
322 verbose afterAdd /home/chaminda/.npm/safe-buffer/5.1.2/package/package.json not in flight; writing
323 verbose afterAdd /home/chaminda/.npm/safe-buffer/5.1.2/package/package.json written
324 http 304 https://registry.npmjs.org/ms
325 verbose headers { date: 'Tue, 11 Sep 2018 05:34:59 GMT',
325 verbose headers   connection: 'keep-alive',
325 verbose headers   'set-cookie':
325 verbose headers    [ '__cfduid=d884390169e58dfc6dc93bb78445f51e31536644099; expires=Wed, 11-Sep-19 05:34:59 GMT; path=/; domain=.registry.npmjs.org; HttpOnly' ],
325 verbose headers   'cf-cache-status': 'HIT',
325 verbose headers   'cache-control': 'max-age=300',
325 verbose headers   'cf-ray': '4587c4b53edc339d-HKG',
325 verbose headers   etag: '"c4a0ab4f116dc1745243122879e62f93"',
325 verbose headers   'expect-ct': 'max-age=604800, report-uri="https://report-uri.cloudflare.com/cdn-cgi/beacon/expect-ct"',
325 verbose headers   'last-modified': 'Fri, 03 Aug 2018 01:28:24 GMT',
325 verbose headers   vary: 'accept-encoding, accept',
325 verbose headers   server: 'cloudflare' }
326 silly get cb [ 304,
326 silly get   { date: 'Tue, 11 Sep 2018 05:34:59 GMT',
326 silly get     connection: 'keep-alive',
326 silly get     'set-cookie':
326 silly get      [ '__cfduid=d884390169e58dfc6dc93bb78445f51e31536644099; expires=Wed, 11-Sep-19 05:34:59 GMT; path=/; domain=.registry.npmjs.org; HttpOnly' ],
326 silly get     'cf-cache-status': 'HIT',
326 silly get     'cache-control': 'max-age=300',
326 silly get     'cf-ray': '4587c4b53edc339d-HKG',
326 silly get     etag: '"c4a0ab4f116dc1745243122879e62f93"',
326 silly get     'expect-ct': 'max-age=604800, report-uri="https://report-uri.cloudflare.com/cdn-cgi/beacon/expect-ct"',
326 silly get     'last-modified': 'Fri, 03 Aug 2018 01:28:24 GMT',
326 silly get     vary: 'accept-encoding, accept',
326 silly get     server: 'cloudflare' } ]
327 verbose etag https://registry.npmjs.org/ms from cache
328 verbose get saving ms to /home/chaminda/.npm/registry.npmjs.org/ms/.cache.json
329 http 304 https://registry.npmjs.org/mpath
330 verbose headers { date: 'Tue, 11 Sep 2018 05:34:59 GMT',
330 verbose headers   connection: 'keep-alive',
330 verbose headers   'set-cookie':
330 verbose headers    [ '__cfduid=df7cefe95e4691050e375b012aaa3306f1536644098; expires=Wed, 11-Sep-19 05:34:58 GMT; path=/; domain=.registry.npmjs.org; HttpOnly' ],
330 verbose headers   'cf-cache-status': 'REVALIDATED',
330 verbose headers   'cache-control': 'max-age=300',
330 verbose headers   'cf-ray': '4587c4affeb1340f-HKG',
330 verbose headers   etag: '"f575a60f41dd6fb41db76a4cc6c4d129"',
330 verbose headers   'expect-ct': 'max-age=604800, report-uri="https://report-uri.cloudflare.com/cdn-cgi/beacon/expect-ct"',
330 verbose headers   'last-modified': 'Thu, 30 Aug 2018 15:55:01 GMT',
330 verbose headers   vary: 'accept-encoding, accept',
330 verbose headers   'x-amz-meta-rev': '23-8cdcf84e215dfb99d43784bff5e1a8e6',
330 verbose headers   server: 'cloudflare' }
331 silly get cb [ 304,
331 silly get   { date: 'Tue, 11 Sep 2018 05:34:59 GMT',
331 silly get     connection: 'keep-alive',
331 silly get     'set-cookie':
331 silly get      [ '__cfduid=df7cefe95e4691050e375b012aaa3306f1536644098; expires=Wed, 11-Sep-19 05:34:58 GMT; path=/; domain=.registry.npmjs.org; HttpOnly' ],
331 silly get     'cf-cache-status': 'REVALIDATED',
331 silly get     'cache-control': 'max-age=300',
331 silly get     'cf-ray': '4587c4affeb1340f-HKG',
331 silly get     etag: '"f575a60f41dd6fb41db76a4cc6c4d129"',
331 silly get     'expect-ct': 'max-age=604800, report-uri="https://report-uri.cloudflare.com/cdn-cgi/beacon/expect-ct"',
331 silly get     'last-modified': 'Thu, 30 Aug 2018 15:55:01 GMT',
331 silly get     vary: 'accept-encoding, accept',
331 silly get     'x-amz-meta-rev': '23-8cdcf84e215dfb99d43784bff5e1a8e6',
331 silly get     server: 'cloudflare' } ]
332 verbose etag https://registry.npmjs.org/mpath from cache
333 verbose get saving mpath to /home/chaminda/.npm/registry.npmjs.org/mpath/.cache.json
334 silly resolveWithNewModule ms@2.0.0 checking installable status
335 silly cache add args [ 'ms@2.0.0', null ]
336 verbose cache add spec ms@2.0.0
337 silly cache add parsed spec Result {
337 silly cache add   raw: 'ms@2.0.0',
337 silly cache add   scope: null,
337 silly cache add   name: 'ms',
337 silly cache add   rawSpec: '2.0.0',
337 silly cache add   spec: '2.0.0',
337 silly cache add   type: 'version' }
338 silly addNamed ms@2.0.0
339 verbose addNamed "2.0.0" is a plain semver version for ms
340 silly mapToRegistry name ms
341 silly mapToRegistry using default registry
342 silly mapToRegistry registry https://registry.npmjs.org/
343 silly mapToRegistry uri https://registry.npmjs.org/ms
344 verbose addNameVersion registry:https://registry.npmjs.org/ms not in flight; fetching
345 silly resolveWithNewModule mpath@0.5.1 checking installable status
346 silly cache add args [ 'mpath@0.5.1', null ]
347 verbose cache add spec mpath@0.5.1
348 silly cache add parsed spec Result {
348 silly cache add   raw: 'mpath@0.5.1',
348 silly cache add   scope: null,
348 silly cache add   name: 'mpath',
348 silly cache add   rawSpec: '0.5.1',
348 silly cache add   spec: '0.5.1',
348 silly cache add   type: 'version' }
349 silly addNamed mpath@0.5.1
350 verbose addNamed "0.5.1" is a plain semver version for mpath
351 silly mapToRegistry name mpath
352 silly mapToRegistry using default registry
353 silly mapToRegistry registry https://registry.npmjs.org/
354 silly mapToRegistry uri https://registry.npmjs.org/mpath
355 verbose addNameVersion registry:https://registry.npmjs.org/mpath not in flight; fetching
356 verbose get https://registry.npmjs.org/ms not expired, no request
357 verbose get https://registry.npmjs.org/mpath not expired, no request
358 silly cache afterAdd mpath@0.5.1
359 verbose afterAdd /home/chaminda/.npm/mpath/0.5.1/package/package.json not in flight; writing
360 verbose afterAdd /home/chaminda/.npm/mpath/0.5.1/package/package.json written
361 silly cache afterAdd ms@2.0.0
362 verbose afterAdd /home/chaminda/.npm/ms/2.0.0/package/package.json not in flight; writing
363 verbose afterAdd /home/chaminda/.npm/ms/2.0.0/package/package.json written
364 http 304 https://registry.npmjs.org/mquery
365 verbose headers { date: 'Tue, 11 Sep 2018 05:34:59 GMT',
365 verbose headers   connection: 'keep-alive',
365 verbose headers   'set-cookie':
365 verbose headers    [ '__cfduid=d9abd5926ace8e1ac393218f0aba570a91536644099; expires=Wed, 11-Sep-19 05:34:59 GMT; path=/; domain=.registry.npmjs.org; HttpOnly' ],
365 verbose headers   'cf-cache-status': 'REVALIDATED',
365 verbose headers   'cache-control': 'max-age=300',
365 verbose headers   'cf-ray': '4587c4b38f7f3439-HKG',
365 verbose headers   etag: '"0a38364777fb5e81a51f3925adaebf09"',
365 verbose headers   'expect-ct': 'max-age=604800, report-uri="https://report-uri.cloudflare.com/cdn-cgi/beacon/expect-ct"',
365 verbose headers   'last-modified': 'Fri, 24 Aug 2018 17:36:17 GMT',
365 verbose headers   vary: 'accept-encoding, accept',
365 verbose headers   server: 'cloudflare' }
366 silly get cb [ 304,
366 silly get   { date: 'Tue, 11 Sep 2018 05:34:59 GMT',
366 silly get     connection: 'keep-alive',
366 silly get     'set-cookie':
366 silly get      [ '__cfduid=d9abd5926ace8e1ac393218f0aba570a91536644099; expires=Wed, 11-Sep-19 05:34:59 GMT; path=/; domain=.registry.npmjs.org; HttpOnly' ],
366 silly get     'cf-cache-status': 'REVALIDATED',
366 silly get     'cache-control': 'max-age=300',
366 silly get     'cf-ray': '4587c4b38f7f3439-HKG',
366 silly get     etag: '"0a38364777fb5e81a51f3925adaebf09"',
366 silly get     'expect-ct': 'max-age=604800, report-uri="https://report-uri.cloudflare.com/cdn-cgi/beacon/expect-ct"',
366 silly get     'last-modified': 'Fri, 24 Aug 2018 17:36:17 GMT',
366 silly get     vary: 'accept-encoding, accept',
366 silly get     server: 'cloudflare' } ]
367 verbose etag https://registry.npmjs.org/mquery from cache
368 verbose get saving mquery to /home/chaminda/.npm/registry.npmjs.org/mquery/.cache.json
369 http 304 https://registry.npmjs.org/sliced
370 verbose headers { date: 'Tue, 11 Sep 2018 05:34:59 GMT',
370 verbose headers   connection: 'keep-alive',
370 verbose headers   'set-cookie':
370 verbose headers    [ '__cfduid=de8859cab90425036a4c65c99e68e7ea71536644099; expires=Wed, 11-Sep-19 05:34:59 GMT; path=/; domain=.registry.npmjs.org; HttpOnly' ],
370 verbose headers   'cf-cache-status': 'REVALIDATED',
370 verbose headers   'cache-control': 'max-age=300',
370 verbose headers   'cf-ray': '4587c4b3b9c5852c-HKG',
370 verbose headers   etag: '"a04314844e0f31156a4f2686f1b9b55a"',
370 verbose headers   'expect-ct': 'max-age=604800, report-uri="https://report-uri.cloudflare.com/cdn-cgi/beacon/expect-ct"',
370 verbose headers   'last-modified': 'Wed, 01 Aug 2018 08:45:15 GMT',
370 verbose headers   vary: 'accept-encoding, accept',
370 verbose headers   server: 'cloudflare' }
371 silly get cb [ 304,
371 silly get   { date: 'Tue, 11 Sep 2018 05:34:59 GMT',
371 silly get     connection: 'keep-alive',
371 silly get     'set-cookie':
371 silly get      [ '__cfduid=de8859cab90425036a4c65c99e68e7ea71536644099; expires=Wed, 11-Sep-19 05:34:59 GMT; path=/; domain=.registry.npmjs.org; HttpOnly' ],
371 silly get     'cf-cache-status': 'REVALIDATED',
371 silly get     'cache-control': 'max-age=300',
371 silly get     'cf-ray': '4587c4b3b9c5852c-HKG',
371 silly get     etag: '"a04314844e0f31156a4f2686f1b9b55a"',
371 silly get     'expect-ct': 'max-age=604800, report-uri="https://report-uri.cloudflare.com/cdn-cgi/beacon/expect-ct"',
371 silly get     'last-modified': 'Wed, 01 Aug 2018 08:45:15 GMT',
371 silly get     vary: 'accept-encoding, accept',
371 silly get     server: 'cloudflare' } ]
372 verbose etag https://registry.npmjs.org/sliced from cache
373 verbose get saving sliced to /home/chaminda/.npm/registry.npmjs.org/sliced/.cache.json
374 http 304 https://registry.npmjs.org/regexp-clone
375 verbose headers { date: 'Tue, 11 Sep 2018 05:34:59 GMT',
375 verbose headers   connection: 'keep-alive',
375 verbose headers   'set-cookie':
375 verbose headers    [ '__cfduid=df3d1a71c06b0211a0340ddf4a3eb913d1536644099; expires=Wed, 11-Sep-19 05:34:59 GMT; path=/; domain=.registry.npmjs.org; HttpOnly' ],
375 verbose headers   'cf-cache-status': 'REVALIDATED',
375 verbose headers   'cache-control': 'max-age=300',
375 verbose headers   'cf-ray': '4587c4b38a6a33e5-HKG',
375 verbose headers   etag: '"39e75d2b3298d056a30591fbf66aecd8"',
375 verbose headers   'expect-ct': 'max-age=604800, report-uri="https://report-uri.cloudflare.com/cdn-cgi/beacon/expect-ct"',
375 verbose headers   'last-modified': 'Sun, 27 May 2018 15:43:49 GMT',
375 verbose headers   vary: 'accept-encoding, accept',
375 verbose headers   server: 'cloudflare' }
376 silly get cb [ 304,
376 silly get   { date: 'Tue, 11 Sep 2018 05:34:59 GMT',
376 silly get     connection: 'keep-alive',
376 silly get     'set-cookie':
376 silly get      [ '__cfduid=df3d1a71c06b0211a0340ddf4a3eb913d1536644099; expires=Wed, 11-Sep-19 05:34:59 GMT; path=/; domain=.registry.npmjs.org; HttpOnly' ],
376 silly get     'cf-cache-status': 'REVALIDATED',
376 silly get     'cache-control': 'max-age=300',
376 silly get     'cf-ray': '4587c4b38a6a33e5-HKG',
376 silly get     etag: '"39e75d2b3298d056a30591fbf66aecd8"',
376 silly get     'expect-ct': 'max-age=604800, report-uri="https://report-uri.cloudflare.com/cdn-cgi/beacon/expect-ct"',
376 silly get     'last-modified': 'Sun, 27 May 2018 15:43:49 GMT',
376 silly get     vary: 'accept-encoding, accept',
376 silly get     server: 'cloudflare' } ]
377 verbose etag https://registry.npmjs.org/regexp-clone from cache
378 verbose get saving regexp-clone to /home/chaminda/.npm/registry.npmjs.org/regexp-clone/.cache.json
379 http 304 https://registry.npmjs.org/async
380 verbose headers { date: 'Tue, 11 Sep 2018 05:34:59 GMT',
380 verbose headers   connection: 'keep-alive',
380 verbose headers   'set-cookie':
380 verbose headers    [ '__cfduid=dcb8462c8c581fc6abfa1b835107f03bb1536644099; expires=Wed, 11-Sep-19 05:34:59 GMT; path=/; domain=.registry.npmjs.org; HttpOnly' ],
380 verbose headers   'cf-cache-status': 'HIT',
380 verbose headers   'cache-control': 'max-age=300',
380 verbose headers   'cf-ray': '4587c4b7fb6c8839-HKG',
380 verbose headers   etag: '"abdead87b14b8794c1378fe16df7c364"',
380 verbose headers   'expect-ct': 'max-age=604800, report-uri="https://report-uri.cloudflare.com/cdn-cgi/beacon/expect-ct"',
380 verbose headers   'last-modified': 'Thu, 02 Aug 2018 09:50:30 GMT',
380 verbose headers   vary: 'accept-encoding, accept',
380 verbose headers   server: 'cloudflare' }
381 silly get cb [ 304,
381 silly get   { date: 'Tue, 11 Sep 2018 05:34:59 GMT',
381 silly get     connection: 'keep-alive',
381 silly get     'set-cookie':
381 silly get      [ '__cfduid=dcb8462c8c581fc6abfa1b835107f03bb1536644099; expires=Wed, 11-Sep-19 05:34:59 GMT; path=/; domain=.registry.npmjs.org; HttpOnly' ],
381 silly get     'cf-cache-status': 'HIT',
381 silly get     'cache-control': 'max-age=300',
381 silly get     'cf-ray': '4587c4b7fb6c8839-HKG',
381 silly get     etag: '"abdead87b14b8794c1378fe16df7c364"',
381 silly get     'expect-ct': 'max-age=604800, report-uri="https://report-uri.cloudflare.com/cdn-cgi/beacon/expect-ct"',
381 silly get     'last-modified': 'Thu, 02 Aug 2018 09:50:30 GMT',
381 silly get     vary: 'accept-encoding, accept',
381 silly get     server: 'cloudflare' } ]
382 verbose etag https://registry.npmjs.org/async from cache
383 verbose get saving async to /home/chaminda/.npm/registry.npmjs.org/async/.cache.json
384 silly resolveWithNewModule regexp-clone@0.0.1 checking installable status
385 silly cache add args [ 'regexp-clone@0.0.1', null ]
386 verbose cache add spec regexp-clone@0.0.1
387 silly cache add parsed spec Result {
387 silly cache add   raw: 'regexp-clone@0.0.1',
387 silly cache add   scope: null,
387 silly cache add   name: 'regexp-clone',
387 silly cache add   rawSpec: '0.0.1',
387 silly cache add   spec: '0.0.1',
387 silly cache add   type: 'version' }
388 silly addNamed regexp-clone@0.0.1
389 verbose addNamed "0.0.1" is a plain semver version for regexp-clone
390 silly mapToRegistry name regexp-clone
391 silly mapToRegistry using default registry
392 silly mapToRegistry registry https://registry.npmjs.org/
393 silly mapToRegistry uri https://registry.npmjs.org/regexp-clone
394 verbose addNameVersion registry:https://registry.npmjs.org/regexp-clone not in flight; fetching
395 silly resolveWithNewModule mquery@3.2.0 checking installable status
396 silly cache add args [ 'mquery@3.2.0', null ]
397 verbose cache add spec mquery@3.2.0
398 silly cache add parsed spec Result {
398 silly cache add   raw: 'mquery@3.2.0',
398 silly cache add   scope: null,
398 silly cache add   name: 'mquery',
398 silly cache add   rawSpec: '3.2.0',
398 silly cache add   spec: '3.2.0',
398 silly cache add   type: 'version' }
399 silly addNamed mquery@3.2.0
400 verbose addNamed "3.2.0" is a plain semver version for mquery
401 silly mapToRegistry name mquery
402 silly mapToRegistry using default registry
403 silly mapToRegistry registry https://registry.npmjs.org/
404 silly mapToRegistry uri https://registry.npmjs.org/mquery
405 verbose addNameVersion registry:https://registry.npmjs.org/mquery not in flight; fetching
406 silly resolveWithNewModule sliced@1.0.1 checking installable status
407 silly cache add args [ 'sliced@1.0.1', null ]
408 verbose cache add spec sliced@1.0.1
409 silly cache add parsed spec Result {
409 silly cache add   raw: 'sliced@1.0.1',
409 silly cache add   scope: null,
409 silly cache add   name: 'sliced',
409 silly cache add   rawSpec: '1.0.1',
409 silly cache add   spec: '1.0.1',
409 silly cache add   type: 'version' }
410 silly addNamed sliced@1.0.1
411 verbose addNamed "1.0.1" is a plain semver version for sliced
412 silly mapToRegistry name sliced
413 silly mapToRegistry using default registry
414 silly mapToRegistry registry https://registry.npmjs.org/
415 silly mapToRegistry uri https://registry.npmjs.org/sliced
416 verbose addNameVersion registry:https://registry.npmjs.org/sliced not in flight; fetching
417 silly resolveWithNewModule async@2.6.1 checking installable status
418 silly cache add args [ 'async@2.6.1', null ]
419 verbose cache add spec async@2.6.1
420 silly cache add parsed spec Result {
420 silly cache add   raw: 'async@2.6.1',
420 silly cache add   scope: null,
420 silly cache add   name: 'async',
420 silly cache add   rawSpec: '2.6.1',
420 silly cache add   spec: '2.6.1',
420 silly cache add   type: 'version' }
421 silly addNamed async@2.6.1
422 verbose addNamed "2.6.1" is a plain semver version for async
423 silly mapToRegistry name async
424 silly mapToRegistry using default registry
425 silly mapToRegistry registry https://registry.npmjs.org/
426 silly mapToRegistry uri https://registry.npmjs.org/async
427 verbose addNameVersion registry:https://registry.npmjs.org/async not in flight; fetching
428 verbose get https://registry.npmjs.org/regexp-clone not expired, no request
429 verbose get https://registry.npmjs.org/mquery not expired, no request
430 verbose get https://registry.npmjs.org/sliced not expired, no request
431 verbose get https://registry.npmjs.org/async not expired, no request
432 silly cache afterAdd regexp-clone@0.0.1
433 verbose afterAdd /home/chaminda/.npm/regexp-clone/0.0.1/package/package.json not in flight; writing
434 silly cache afterAdd mquery@3.2.0
435 verbose afterAdd /home/chaminda/.npm/mquery/3.2.0/package/package.json not in flight; writing
436 silly cache afterAdd sliced@1.0.1
437 verbose afterAdd /home/chaminda/.npm/sliced/1.0.1/package/package.json not in flight; writing
438 verbose afterAdd /home/chaminda/.npm/mquery/3.2.0/package/package.json written
439 verbose afterAdd /home/chaminda/.npm/sliced/1.0.1/package/package.json written
440 verbose afterAdd /home/chaminda/.npm/regexp-clone/0.0.1/package/package.json written
441 silly cache afterAdd async@2.6.1
442 verbose afterAdd /home/chaminda/.npm/async/2.6.1/package/package.json not in flight; writing
443 verbose afterAdd /home/chaminda/.npm/async/2.6.1/package/package.json written
444 http 304 https://registry.npmjs.org/mongodb-core
445 verbose headers { date: 'Tue, 11 Sep 2018 05:34:58 GMT',
445 verbose headers   connection: 'keep-alive',
445 verbose headers   'set-cookie':
445 verbose headers    [ '__cfduid=d7e923df2bca6832026d69468c2d2fd151536644098; expires=Wed, 11-Sep-19 05:34:58 GMT; path=/; domain=.registry.npmjs.org; HttpOnly' ],
445 verbose headers   'cf-cache-status': 'HIT',
445 verbose headers   'cache-control': 'max-age=300',
445 verbose headers   'cf-ray': '4587c4adead633d3-HKG',
445 verbose headers   etag: '"be743208ac80fc670e51b5db0f60d847"',
445 verbose headers   'expect-ct': 'max-age=604800, report-uri="https://report-uri.cloudflare.com/cdn-cgi/beacon/expect-ct"',
445 verbose headers   'last-modified': 'Sat, 25 Aug 2018 16:15:59 GMT',
445 verbose headers   vary: 'accept-encoding, accept',
445 verbose headers   server: 'cloudflare' }
446 silly get cb [ 304,
446 silly get   { date: 'Tue, 11 Sep 2018 05:34:58 GMT',
446 silly get     connection: 'keep-alive',
446 silly get     'set-cookie':
446 silly get      [ '__cfduid=d7e923df2bca6832026d69468c2d2fd151536644098; expires=Wed, 11-Sep-19 05:34:58 GMT; path=/; domain=.registry.npmjs.org; HttpOnly' ],
446 silly get     'cf-cache-status': 'HIT',
446 silly get     'cache-control': 'max-age=300',
446 silly get     'cf-ray': '4587c4adead633d3-HKG',
446 silly get     etag: '"be743208ac80fc670e51b5db0f60d847"',
446 silly get     'expect-ct': 'max-age=604800, report-uri="https://report-uri.cloudflare.com/cdn-cgi/beacon/expect-ct"',
446 silly get     'last-modified': 'Sat, 25 Aug 2018 16:15:59 GMT',
446 silly get     vary: 'accept-encoding, accept',
446 silly get     server: 'cloudflare' } ]
447 verbose etag https://registry.npmjs.org/mongodb-core from cache
448 verbose get saving mongodb-core to /home/chaminda/.npm/registry.npmjs.org/mongodb-core/.cache.json
449 silly resolveWithNewModule mongodb-core@3.1.3 checking installable status
450 silly cache add args [ 'mongodb-core@3.1.3', null ]
451 verbose cache add spec mongodb-core@3.1.3
452 silly cache add parsed spec Result {
452 silly cache add   raw: 'mongodb-core@3.1.3',
452 silly cache add   scope: null,
452 silly cache add   name: 'mongodb-core',
452 silly cache add   rawSpec: '3.1.3',
452 silly cache add   spec: '3.1.3',
452 silly cache add   type: 'version' }
453 silly addNamed mongodb-core@3.1.3
454 verbose addNamed "3.1.3" is a plain semver version for mongodb-core
455 silly mapToRegistry name mongodb-core
456 silly mapToRegistry using default registry
457 silly mapToRegistry registry https://registry.npmjs.org/
458 silly mapToRegistry uri https://registry.npmjs.org/mongodb-core
459 verbose addNameVersion registry:https://registry.npmjs.org/mongodb-core not in flight; fetching
460 verbose get https://registry.npmjs.org/mongodb-core not expired, no request
461 silly cache afterAdd mongodb-core@3.1.3
462 verbose afterAdd /home/chaminda/.npm/mongodb-core/3.1.3/package/package.json not in flight; writing
463 verbose afterAdd /home/chaminda/.npm/mongodb-core/3.1.3/package/package.json written
464 silly fetchNamedPackageData lodash
465 silly mapToRegistry name lodash
466 silly mapToRegistry using default registry
467 silly mapToRegistry registry https://registry.npmjs.org/
468 silly mapToRegistry uri https://registry.npmjs.org/lodash
469 verbose request uri https://registry.npmjs.org/lodash
470 verbose request no auth needed
471 info attempt registry request try #1 at 11:05:01 AM
472 verbose etag "7c4877f905cdb118ba2a6fd3d125ba56"
473 verbose lastModified Wed, 29 Aug 2018 02:25:35 GMT
474 http request GET https://registry.npmjs.org/lodash
475 http 304 https://registry.npmjs.org/lodash
476 verbose headers { date: 'Tue, 11 Sep 2018 05:35:02 GMT',
476 verbose headers   connection: 'keep-alive',
476 verbose headers   'set-cookie':
476 verbose headers    [ '__cfduid=d183832cf8ab631033ea88973dc16b5cf1536644102; expires=Wed, 11-Sep-19 05:35:02 GMT; path=/; domain=.registry.npmjs.org; HttpOnly' ],
476 verbose headers   'cf-cache-status': 'HIT',
476 verbose headers   'cache-control': 'max-age=300',
476 verbose headers   'cf-ray': '4587c4c5dd39a296-HKG',
476 verbose headers   etag: '"7c4877f905cdb118ba2a6fd3d125ba56"',
476 verbose headers   'expect-ct': 'max-age=604800, report-uri="https://report-uri.cloudflare.com/cdn-cgi/beacon/expect-ct"',
476 verbose headers   'last-modified': 'Wed, 29 Aug 2018 02:25:35 GMT',
476 verbose headers   vary: 'accept-encoding, accept',
476 verbose headers   'x-amz-meta-rev': '2451-6219c0306a595198967d663dab6e816c',
476 verbose headers   server: 'cloudflare' }
477 silly get cb [ 304,
477 silly get   { date: 'Tue, 11 Sep 2018 05:35:02 GMT',
477 silly get     connection: 'keep-alive',
477 silly get     'set-cookie':
477 silly get      [ '__cfduid=d183832cf8ab631033ea88973dc16b5cf1536644102; expires=Wed, 11-Sep-19 05:35:02 GMT; path=/; domain=.registry.npmjs.org; HttpOnly' ],
477 silly get     'cf-cache-status': 'HIT',
477 silly get     'cache-control': 'max-age=300',
477 silly get     'cf-ray': '4587c4c5dd39a296-HKG',
477 silly get     etag: '"7c4877f905cdb118ba2a6fd3d125ba56"',
477 silly get     'expect-ct': 'max-age=604800, report-uri="https://report-uri.cloudflare.com/cdn-cgi/beacon/expect-ct"',
477 silly get     'last-modified': 'Wed, 29 Aug 2018 02:25:35 GMT',
477 silly get     vary: 'accept-encoding, accept',
477 silly get     'x-amz-meta-rev': '2451-6219c0306a595198967d663dab6e816c',
477 silly get     server: 'cloudflare' } ]
478 verbose etag https://registry.npmjs.org/lodash from cache
479 verbose get saving lodash to /home/chaminda/.npm/registry.npmjs.org/lodash/.cache.json
480 silly resolveWithNewModule lodash@4.17.10 checking installable status
481 silly cache add args [ 'lodash@^4.17.10', null ]
482 verbose cache add spec lodash@^4.17.10
483 silly cache add parsed spec Result {
483 silly cache add   raw: 'lodash@^4.17.10',
483 silly cache add   scope: null,
483 silly cache add   name: 'lodash',
483 silly cache add   rawSpec: '^4.17.10',
483 silly cache add   spec: '>=4.17.10 <5.0.0',
483 silly cache add   type: 'range' }
484 silly addNamed lodash@>=4.17.10 <5.0.0
485 verbose addNamed ">=4.17.10 <5.0.0" is a valid semver range for lodash
486 silly addNameRange { name: 'lodash', range: '>=4.17.10 <5.0.0', hasData: false }
487 silly mapToRegistry name lodash
488 silly mapToRegistry using default registry
489 silly mapToRegistry registry https://registry.npmjs.org/
490 silly mapToRegistry uri https://registry.npmjs.org/lodash
491 verbose addNameRange registry:https://registry.npmjs.org/lodash not in flight; fetching
492 verbose get https://registry.npmjs.org/lodash not expired, no request
493 silly addNameRange number 2 { name: 'lodash', range: '>=4.17.10 <5.0.0', hasData: true }
494 silly addNameRange versions [ 'lodash',
494 silly addNameRange   [ '0.1.0',
494 silly addNameRange     '0.2.0',
494 silly addNameRange     '0.2.1',
494 silly addNameRange     '0.2.2',
494 silly addNameRange     '0.3.0',
494 silly addNameRange     '0.3.1',
494 silly addNameRange     '0.3.2',
494 silly addNameRange     '0.4.0',
494 silly addNameRange     '0.4.1',
494 silly addNameRange     '0.4.2',
494 silly addNameRange     '0.5.0-rc.1',
494 silly addNameRange     '0.5.0',
494 silly addNameRange     '0.5.1',
494 silly addNameRange     '0.5.2',
494 silly addNameRange     '0.6.0',
494 silly addNameRange     '0.6.1',
494 silly addNameRange     '0.7.0',
494 silly addNameRange     '0.8.0',
494 silly addNameRange     '0.8.1',
494 silly addNameRange     '0.8.2',
494 silly addNameRange     '0.9.0',
494 silly addNameRange     '0.9.1',
494 silly addNameRange     '0.9.2',
494 silly addNameRange     '0.10.0',
494 silly addNameRange     '1.0.0-rc.1',
494 silly addNameRange     '1.0.0-rc.2',
494 silly addNameRange     '1.0.0-rc.3',
494 silly addNameRange     '1.0.0',
494 silly addNameRange     '1.0.1',
494 silly addNameRange     '1.1.0',
494 silly addNameRange     '1.1.1',
494 silly addNameRange     '1.2.0',
494 silly addNameRange     '1.2.1',
494 silly addNameRange     '1.3.0',
494 silly addNameRange     '1.3.1',
494 silly addNameRange     '2.0.0',
494 silly addNameRange     '2.1.0',
494 silly addNameRange     '2.2.0',
494 silly addNameRange     '2.2.1',
494 silly addNameRange     '2.3.0',
494 silly addNameRange     '2.4.0',
494 silly addNameRange     '2.4.1',
494 silly addNameRange     '3.0.0',
494 silly addNameRange     '3.0.1',
494 silly addNameRange     '3.1.0',
494 silly addNameRange     '3.2.0',
494 silly addNameRange     '3.3.0',
494 silly addNameRange     '3.3.1',
494 silly addNameRange     '3.4.0',
494 silly addNameRange     '3.5.0',
494 silly addNameRange     '3.6.0',
494 silly addNameRange     '1.0.2',
494 silly addNameRange     '3.7.0',
494 silly addNameRange     '2.4.2',
494 silly addNameRange     '3.8.0',
494 silly addNameRange     '3.9.0',
494 silly addNameRange     '3.9.1',
494 silly addNameRange     '3.9.2',
494 silly addNameRange     '3.9.3',
494 silly addNameRange     '3.10.0',
494 silly addNameRange     '3.10.1',
494 silly addNameRange     '4.0.0',
494 silly addNameRange     '4.0.1',
494 silly addNameRange     '4.1.0',
494 silly addNameRange     '4.2.0',
494 silly addNameRange     '4.2.1',
494 silly addNameRange     '4.3.0',
494 silly addNameRange     '4.4.0',
494 silly addNameRange     '4.5.0',
494 silly addNameRange     '4.5.1',
494 silly addNameRange     '4.6.0',
494 silly addNameRange     '4.6.1',
494 silly addNameRange     '4.7.0',
494 silly addNameRange     '4.8.0',
494 silly addNameRange     '4.8.1',
494 silly addNameRange     '4.8.2',
494 silly addNameRange     '4.9.0',
494 silly addNameRange     '4.10.0',
494 silly addNameRange     '4.11.0',
494 silly addNameRange     '4.11.1',
494 silly addNameRange     '4.11.2',
494 silly addNameRange     '4.12.0',
494 silly addNameRange     '4.13.0',
494 silly addNameRange     '4.13.1',
494 silly addNameRange     '4.14.0',
494 silly addNameRange     '4.14.1',
494 silly addNameRange     '4.14.2',
494 silly addNameRange     '4.15.0',
494 silly addNameRange     '4.16.0',
494 silly addNameRange     '4.16.1',
494 silly addNameRange     '4.16.2',
494 silly addNameRange     '4.16.3',
494 silly addNameRange     '4.16.4',
494 silly addNameRange     '4.16.5',
494 silly addNameRange     '4.16.6',
494 silly addNameRange     '4.17.0',
494 silly addNameRange     '4.17.1',
494 silly addNameRange     '4.17.2',
494 silly addNameRange     '4.17.3',
494 silly addNameRange     '4.17.4',
494 silly addNameRange     ... 3 more items ] ]
495 silly addNamed lodash@4.17.10
496 verbose addNamed "4.17.10" is a plain semver version for lodash
497 silly cache afterAdd lodash@4.17.10
498 verbose afterAdd /home/chaminda/.npm/lodash/4.17.10/package/package.json not in flight; writing
499 verbose afterAdd /home/chaminda/.npm/lodash/4.17.10/package/package.json written
500 silly fetchNamedPackageData bson
501 silly mapToRegistry name bson
502 silly mapToRegistry using default registry
503 silly mapToRegistry registry https://registry.npmjs.org/
504 silly mapToRegistry uri https://registry.npmjs.org/bson
505 silly resolveWithNewModule bson@1.1.0 checking installable status
506 silly cache add args [ 'bson@^1.1.0', null ]
507 verbose cache add spec bson@^1.1.0
508 silly fetchNamedPackageData require_optional
509 silly mapToRegistry name require_optional
510 silly mapToRegistry using default registry
511 silly mapToRegistry registry https://registry.npmjs.org/
512 silly mapToRegistry uri https://registry.npmjs.org/require_optional
513 silly fetchNamedPackageData saslprep
514 silly mapToRegistry name saslprep
515 silly mapToRegistry using default registry
516 silly mapToRegistry registry https://registry.npmjs.org/
517 silly mapToRegistry uri https://registry.npmjs.org/saslprep
518 silly cache add parsed spec Result {
518 silly cache add   raw: 'bson@^1.1.0',
518 silly cache add   scope: null,
518 silly cache add   name: 'bson',
518 silly cache add   rawSpec: '^1.1.0',
518 silly cache add   spec: '>=1.1.0 <2.0.0',
518 silly cache add   type: 'range' }
519 silly addNamed bson@>=1.1.0 <2.0.0
520 verbose addNamed ">=1.1.0 <2.0.0" is a valid semver range for bson
521 silly addNameRange { name: 'bson', range: '>=1.1.0 <2.0.0', hasData: false }
522 silly mapToRegistry name bson
523 silly mapToRegistry using default registry
524 silly mapToRegistry registry https://registry.npmjs.org/
525 silly mapToRegistry uri https://registry.npmjs.org/bson
526 verbose addNameRange registry:https://registry.npmjs.org/bson not in flight; fetching
527 verbose request uri https://registry.npmjs.org/require_optional
528 verbose request no auth needed
529 info attempt registry request try #1 at 11:05:02 AM
530 verbose etag W/"10c035388042a3b8c910dda2dd94f8b4"
531 verbose lastModified Sun, 27 May 2018 15:52:37 GMT
532 http request GET https://registry.npmjs.org/require_optional
533 verbose request uri https://registry.npmjs.org/saslprep
534 verbose request no auth needed
535 info attempt registry request try #1 at 11:05:02 AM
536 verbose etag W/"b52bff8fcbfa5e4e8313b3ba2540dca4"
537 verbose lastModified Thu, 19 Jul 2018 21:59:43 GMT
538 http request GET https://registry.npmjs.org/saslprep
539 verbose get https://registry.npmjs.org/bson not expired, no request
540 silly addNameRange number 2 { name: 'bson', range: '>=1.1.0 <2.0.0', hasData: true }
541 silly addNameRange versions [ 'bson',
541 silly addNameRange   [ '0.0.1',
541 silly addNameRange     '0.0.2',
541 silly addNameRange     '0.0.3',
541 silly addNameRange     '0.0.4',
541 silly addNameRange     '0.0.5',
541 silly addNameRange     '0.0.6',
541 silly addNameRange     '0.0.7',
541 silly addNameRange     '0.0.8',
541 silly addNameRange     '0.0.9',
541 silly addNameRange     '0.1.0',
541 silly addNameRange     '0.1.1',
541 silly addNameRange     '0.1.3',
541 silly addNameRange     '0.1.4',
541 silly addNameRange     '0.1.5',
541 silly addNameRange     '0.1.6',
541 silly addNameRange     '0.1.7',
541 silly addNameRange     '0.1.8',
541 silly addNameRange     '0.1.9',
541 silly addNameRange     '0.2.0',
541 silly addNameRange     '0.2.1',
541 silly addNameRange     '0.2.2',
541 silly addNameRange     '0.2.3',
541 silly addNameRange     '0.2.4',
541 silly addNameRange     '0.2.5',
541 silly addNameRange     '0.2.6',
541 silly addNameRange     '0.2.7',
541 silly addNameRange     '0.2.8',
541 silly addNameRange     '0.2.9',
541 silly addNameRange     '0.2.10',
541 silly addNameRange     '0.2.11',
541 silly addNameRange     '0.2.12',
541 silly addNameRange     '0.2.13',
541 silly addNameRange     '0.2.14',
541 silly addNameRange     '0.2.15',
541 silly addNameRange     '0.2.16',
541 silly addNameRange     '0.2.17',
541 silly addNameRange     '0.2.18',
541 silly addNameRange     '0.2.19',
541 silly addNameRange     '0.2.20',
541 silly addNameRange     '0.2.21',
541 silly addNameRange     '0.3.0',
541 silly addNameRange     '0.3.1',
541 silly addNameRange     '0.3.2',
541 silly addNameRange     '0.4.0',
541 silly addNameRange     '0.4.1',
541 silly addNameRange     '0.4.2',
541 silly addNameRange     '0.4.3',
541 silly addNameRange     '0.4.4',
541 silly addNameRange     '0.4.5',
541 silly addNameRange     '0.4.6',
541 silly addNameRange     '0.4.7',
541 silly addNameRange     '0.4.8',
541 silly addNameRange     '0.2.22',
541 silly addNameRange     '0.4.10',
541 silly addNameRange     '0.4.12',
541 silly addNameRange     '0.4.13',
541 silly addNameRange     '0.4.14',
541 silly addNameRange     '0.4.15',
541 silly addNameRange     '0.4.16',
541 silly addNameRange     '0.4.17',
541 silly addNameRange     '0.4.18',
541 silly addNameRange     '0.4.19',
541 silly addNameRange     '0.4.20',
541 silly addNameRange     '0.4.21',
541 silly addNameRange     '0.4.22',
541 silly addNameRange     '0.4.23',
541 silly addNameRange     '0.5.0',
541 silly addNameRange     '0.5.1',
541 silly addNameRange     '0.5.2',
541 silly addNameRange     '0.5.3',
541 silly addNameRange     '0.5.4',
541 silly addNameRange     '0.5.5',
541 silly addNameRange     '0.5.6',
541 silly addNameRange     '0.5.7',
541 silly addNameRange     '1.0.0',
541 silly addNameRange     '1.0.1',
541 silly addNameRange     '1.0.2',
541 silly addNameRange     '1.0.3',
541 silly addNameRange     '1.0.4',
541 silly addNameRange     '2.0.0',
541 silly addNameRange     '1.0.5',
541 silly addNameRange     '2.0.1',
541 silly addNameRange     '2.0.2',
541 silly addNameRange     '1.0.6',
541 silly addNameRange     '2.0.3',
541 silly addNameRange     '2.0.4',
541 silly addNameRange     '2.0.5',
541 silly addNameRange     '2.0.6',
541 silly addNameRange     '2.0.7',
541 silly addNameRange     '1.0.7',
541 silly addNameRange     '2.0.8',
541 silly addNameRange     '1.0.8',
541 silly addNameRange     '1.0.9',
541 silly addNameRange     '3.0.0',
541 silly addNameRange     '3.0.1',
541 silly addNameRange     '3.0.2',
541 silly addNameRange     '1.1.0' ] ]
542 silly addNamed bson@1.1.0
543 verbose addNamed "1.1.0" is a plain semver version for bson
544 silly cache afterAdd bson@1.1.0
545 verbose afterAdd /home/chaminda/.npm/bson/1.1.0/package/package.json not in flight; writing
546 verbose afterAdd /home/chaminda/.npm/bson/1.1.0/package/package.json written
547 http 304 https://registry.npmjs.org/require_optional
548 verbose headers { date: 'Tue, 11 Sep 2018 05:35:02 GMT',
548 verbose headers   connection: 'keep-alive',
548 verbose headers   'set-cookie':
548 verbose headers    [ '__cfduid=da0c0fd33e5e20cc4e3144a65165af1981536644102; expires=Wed, 11-Sep-19 05:35:02 GMT; path=/; domain=.registry.npmjs.org; HttpOnly' ],
548 verbose headers   'cf-cache-status': 'HIT',
548 verbose headers   'cache-control': 'max-age=300',
548 verbose headers   'cf-ray': '4587c4cb29dc33e5-HKG',
548 verbose headers   etag: '"10c035388042a3b8c910dda2dd94f8b4"',
548 verbose headers   'expect-ct': 'max-age=604800, report-uri="https://report-uri.cloudflare.com/cdn-cgi/beacon/expect-ct"',
548 verbose headers   'last-modified': 'Sun, 27 May 2018 15:52:37 GMT',
548 verbose headers   vary: 'accept-encoding, accept',
548 verbose headers   server: 'cloudflare' }
549 silly get cb [ 304,
549 silly get   { date: 'Tue, 11 Sep 2018 05:35:02 GMT',
549 silly get     connection: 'keep-alive',
549 silly get     'set-cookie':
549 silly get      [ '__cfduid=da0c0fd33e5e20cc4e3144a65165af1981536644102; expires=Wed, 11-Sep-19 05:35:02 GMT; path=/; domain=.registry.npmjs.org; HttpOnly' ],
549 silly get     'cf-cache-status': 'HIT',
549 silly get     'cache-control': 'max-age=300',
549 silly get     'cf-ray': '4587c4cb29dc33e5-HKG',
549 silly get     etag: '"10c035388042a3b8c910dda2dd94f8b4"',
549 silly get     'expect-ct': 'max-age=604800, report-uri="https://report-uri.cloudflare.com/cdn-cgi/beacon/expect-ct"',
549 silly get     'last-modified': 'Sun, 27 May 2018 15:52:37 GMT',
549 silly get     vary: 'accept-encoding, accept',
549 silly get     server: 'cloudflare' } ]
550 verbose etag https://registry.npmjs.org/require_optional from cache
551 verbose get saving require_optional to /home/chaminda/.npm/registry.npmjs.org/require_optional/.cache.json
552 silly resolveWithNewModule require_optional@1.0.1 checking installable status
553 silly cache add args [ 'require_optional@^1.0.1', null ]
554 verbose cache add spec require_optional@^1.0.1
555 silly cache add parsed spec Result {
555 silly cache add   raw: 'require_optional@^1.0.1',
555 silly cache add   scope: null,
555 silly cache add   name: 'require_optional',
555 silly cache add   rawSpec: '^1.0.1',
555 silly cache add   spec: '>=1.0.1 <2.0.0',
555 silly cache add   type: 'range' }
556 silly addNamed require_optional@>=1.0.1 <2.0.0
557 verbose addNamed ">=1.0.1 <2.0.0" is a valid semver range for require_optional
558 silly addNameRange { name: 'require_optional',
558 silly addNameRange   range: '>=1.0.1 <2.0.0',
558 silly addNameRange   hasData: false }
559 silly mapToRegistry name require_optional
560 silly mapToRegistry using default registry
561 silly mapToRegistry registry https://registry.npmjs.org/
562 silly mapToRegistry uri https://registry.npmjs.org/require_optional
563 verbose addNameRange registry:https://registry.npmjs.org/require_optional not in flight; fetching
564 verbose get https://registry.npmjs.org/require_optional not expired, no request
565 silly addNameRange number 2 { name: 'require_optional',
565 silly addNameRange   range: '>=1.0.1 <2.0.0',
565 silly addNameRange   hasData: true }
566 silly addNameRange versions [ 'require_optional', [ '1.0.0', '1.0.1' ] ]
567 silly addNamed require_optional@1.0.1
568 verbose addNamed "1.0.1" is a plain semver version for require_optional
569 silly cache afterAdd require_optional@1.0.1
570 verbose afterAdd /home/chaminda/.npm/require_optional/1.0.1/package/package.json not in flight; writing
571 http 304 https://registry.npmjs.org/saslprep
572 verbose headers { date: 'Tue, 11 Sep 2018 05:35:02 GMT',
572 verbose headers   connection: 'keep-alive',
572 verbose headers   'set-cookie':
572 verbose headers    [ '__cfduid=d992b9f94c6cc560cda8ed1cee6f4785e1536644102; expires=Wed, 11-Sep-19 05:35:02 GMT; path=/; domain=.registry.npmjs.org; HttpOnly' ],
572 verbose headers   'cf-cache-status': 'HIT',
572 verbose headers   'cache-control': 'max-age=300',
572 verbose headers   'cf-ray': '4587c4cb4c6d33a3-HKG',
572 verbose headers   etag: '"b52bff8fcbfa5e4e8313b3ba2540dca4"',
572 verbose headers   'expect-ct': 'max-age=604800, report-uri="https://report-uri.cloudflare.com/cdn-cgi/beacon/expect-ct"',
572 verbose headers   'last-modified': 'Thu, 19 Jul 2018 21:59:43 GMT',
572 verbose headers   vary: 'accept-encoding, accept',
572 verbose headers   server: 'cloudflare' }
573 silly get cb [ 304,
573 silly get   { date: 'Tue, 11 Sep 2018 05:35:02 GMT',
573 silly get     connection: 'keep-alive',
573 silly get     'set-cookie':
573 silly get      [ '__cfduid=d992b9f94c6cc560cda8ed1cee6f4785e1536644102; expires=Wed, 11-Sep-19 05:35:02 GMT; path=/; domain=.registry.npmjs.org; HttpOnly' ],
573 silly get     'cf-cache-status': 'HIT',
573 silly get     'cache-control': 'max-age=300',
573 silly get     'cf-ray': '4587c4cb4c6d33a3-HKG',
573 silly get     etag: '"b52bff8fcbfa5e4e8313b3ba2540dca4"',
573 silly get     'expect-ct': 'max-age=604800, report-uri="https://report-uri.cloudflare.com/cdn-cgi/beacon/expect-ct"',
573 silly get     'last-modified': 'Thu, 19 Jul 2018 21:59:43 GMT',
573 silly get     vary: 'accept-encoding, accept',
573 silly get     server: 'cloudflare' } ]
574 verbose etag https://registry.npmjs.org/saslprep from cache
575 verbose get saving saslprep to /home/chaminda/.npm/registry.npmjs.org/saslprep/.cache.json
576 verbose afterAdd /home/chaminda/.npm/require_optional/1.0.1/package/package.json written
577 silly resolveWithNewModule saslprep@1.0.1 checking installable status
578 silly cache add args [ 'saslprep@^1.0.0', null ]
579 verbose cache add spec saslprep@^1.0.0
580 silly cache add parsed spec Result {
580 silly cache add   raw: 'saslprep@^1.0.0',
580 silly cache add   scope: null,
580 silly cache add   name: 'saslprep',
580 silly cache add   rawSpec: '^1.0.0',
580 silly cache add   spec: '>=1.0.0 <2.0.0',
580 silly cache add   type: 'range' }
581 silly addNamed saslprep@>=1.0.0 <2.0.0
582 verbose addNamed ">=1.0.0 <2.0.0" is a valid semver range for saslprep
583 silly addNameRange { name: 'saslprep', range: '>=1.0.0 <2.0.0', hasData: false }
584 silly mapToRegistry name saslprep
585 silly mapToRegistry using default registry
586 silly mapToRegistry registry https://registry.npmjs.org/
587 silly mapToRegistry uri https://registry.npmjs.org/saslprep
588 verbose addNameRange registry:https://registry.npmjs.org/saslprep not in flight; fetching
589 verbose get https://registry.npmjs.org/saslprep not expired, no request
590 silly addNameRange number 2 { name: 'saslprep', range: '>=1.0.0 <2.0.0', hasData: true }
591 silly addNameRange versions [ 'saslprep', [ '1.0.0', '1.0.1' ] ]
592 silly addNamed saslprep@1.0.1
593 verbose addNamed "1.0.1" is a plain semver version for saslprep
594 silly cache afterAdd saslprep@1.0.1
595 verbose afterAdd /home/chaminda/.npm/saslprep/1.0.1/package/package.json not in flight; writing
596 verbose afterAdd /home/chaminda/.npm/saslprep/1.0.1/package/package.json written
597 silly fetchNamedPackageData semver
598 silly mapToRegistry name semver
599 silly mapToRegistry using default registry
600 silly mapToRegistry registry https://registry.npmjs.org/
601 silly mapToRegistry uri https://registry.npmjs.org/semver
602 silly fetchNamedPackageData resolve-from
603 silly mapToRegistry name resolve-from
604 silly mapToRegistry using default registry
605 silly mapToRegistry registry https://registry.npmjs.org/
606 silly mapToRegistry uri https://registry.npmjs.org/resolve-from
607 verbose request uri https://registry.npmjs.org/resolve-from
608 verbose request no auth needed
609 info attempt registry request try #1 at 11:05:02 AM
610 verbose etag W/"fe3c81f28f1b056b28758a94b07f042f"
611 verbose lastModified Thu, 21 Jun 2018 13:40:38 GMT
612 http request GET https://registry.npmjs.org/resolve-from
613 verbose request uri https://registry.npmjs.org/semver
614 verbose request no auth needed
615 info attempt registry request try #1 at 11:05:02 AM
616 verbose etag W/"7f14b11feeb550c8910f50797f019898"
617 verbose lastModified Fri, 17 Aug 2018 20:35:51 GMT
618 http request GET https://registry.npmjs.org/semver
619 http 304 https://registry.npmjs.org/resolve-from
620 verbose headers { date: 'Tue, 11 Sep 2018 05:35:03 GMT',
620 verbose headers   connection: 'keep-alive',
620 verbose headers   'set-cookie':
620 verbose headers    [ '__cfduid=d14132e7c2b74cc4ecdc4fefef1404c791536644103; expires=Wed, 11-Sep-19 05:35:03 GMT; path=/; domain=.registry.npmjs.org; HttpOnly' ],
620 verbose headers   'cf-cache-status': 'HIT',
620 verbose headers   'cache-control': 'max-age=300',
620 verbose headers   'cf-ray': '4587c4cc7dfc852c-HKG',
620 verbose headers   etag: '"fe3c81f28f1b056b28758a94b07f042f"',
620 verbose headers   'expect-ct': 'max-age=604800, report-uri="https://report-uri.cloudflare.com/cdn-cgi/beacon/expect-ct"',
620 verbose headers   'last-modified': 'Thu, 21 Jun 2018 13:40:38 GMT',
620 verbose headers   vary: 'accept-encoding, accept',
620 verbose headers   server: 'cloudflare' }
621 silly get cb [ 304,
621 silly get   { date: 'Tue, 11 Sep 2018 05:35:03 GMT',
621 silly get     connection: 'keep-alive',
621 silly get     'set-cookie':
621 silly get      [ '__cfduid=d14132e7c2b74cc4ecdc4fefef1404c791536644103; expires=Wed, 11-Sep-19 05:35:03 GMT; path=/; domain=.registry.npmjs.org; HttpOnly' ],
621 silly get     'cf-cache-status': 'HIT',
621 silly get     'cache-control': 'max-age=300',
621 silly get     'cf-ray': '4587c4cc7dfc852c-HKG',
621 silly get     etag: '"fe3c81f28f1b056b28758a94b07f042f"',
621 silly get     'expect-ct': 'max-age=604800, report-uri="https://report-uri.cloudflare.com/cdn-cgi/beacon/expect-ct"',
621 silly get     'last-modified': 'Thu, 21 Jun 2018 13:40:38 GMT',
621 silly get     vary: 'accept-encoding, accept',
621 silly get     server: 'cloudflare' } ]
622 verbose etag https://registry.npmjs.org/resolve-from from cache
623 verbose get saving resolve-from to /home/chaminda/.npm/registry.npmjs.org/resolve-from/.cache.json
624 silly resolveWithNewModule resolve-from@2.0.0 checking installable status
625 silly cache add args [ 'resolve-from@^2.0.0', null ]
626 verbose cache add spec resolve-from@^2.0.0
627 silly cache add parsed spec Result {
627 silly cache add   raw: 'resolve-from@^2.0.0',
627 silly cache add   scope: null,
627 silly cache add   name: 'resolve-from',
627 silly cache add   rawSpec: '^2.0.0',
627 silly cache add   spec: '>=2.0.0 <3.0.0',
627 silly cache add   type: 'range' }
628 silly addNamed resolve-from@>=2.0.0 <3.0.0
629 verbose addNamed ">=2.0.0 <3.0.0" is a valid semver range for resolve-from
630 silly addNameRange { name: 'resolve-from', range: '>=2.0.0 <3.0.0', hasData: false }
631 silly mapToRegistry name resolve-from
632 silly mapToRegistry using default registry
633 silly mapToRegistry registry https://registry.npmjs.org/
634 silly mapToRegistry uri https://registry.npmjs.org/resolve-from
635 verbose addNameRange registry:https://registry.npmjs.org/resolve-from not in flight; fetching
636 verbose get https://registry.npmjs.org/resolve-from not expired, no request
637 silly addNameRange number 2 { name: 'resolve-from', range: '>=2.0.0 <3.0.0', hasData: true }
638 silly addNameRange versions [ 'resolve-from',
638 silly addNameRange   [ '1.0.0', '1.0.1', '2.0.0', '3.0.0', '4.0.0' ] ]
639 silly addNamed resolve-from@2.0.0
640 verbose addNamed "2.0.0" is a plain semver version for resolve-from
641 silly cache afterAdd resolve-from@2.0.0
642 verbose afterAdd /home/chaminda/.npm/resolve-from/2.0.0/package/package.json not in flight; writing
643 verbose afterAdd /home/chaminda/.npm/resolve-from/2.0.0/package/package.json written
644 http 304 https://registry.npmjs.org/semver
645 verbose headers { date: 'Tue, 11 Sep 2018 05:35:03 GMT',
645 verbose headers   connection: 'keep-alive',
645 verbose headers   'set-cookie':
645 verbose headers    [ '__cfduid=d8c985927f91533435879d3a63e46f5d31536644103; expires=Wed, 11-Sep-19 05:35:03 GMT; path=/; domain=.registry.npmjs.org; HttpOnly' ],
645 verbose headers   'cf-cache-status': 'HIT',
645 verbose headers   'cache-control': 'max-age=300',
645 verbose headers   'cf-ray': '4587c4cd5f1b33fd-HKG',
645 verbose headers   etag: '"7f14b11feeb550c8910f50797f019898"',
645 verbose headers   'expect-ct': 'max-age=604800, report-uri="https://report-uri.cloudflare.com/cdn-cgi/beacon/expect-ct"',
645 verbose headers   'last-modified': 'Fri, 17 Aug 2018 20:35:51 GMT',
645 verbose headers   vary: 'accept-encoding, accept',
645 verbose headers   server: 'cloudflare' }
646 silly get cb [ 304,
646 silly get   { date: 'Tue, 11 Sep 2018 05:35:03 GMT',
646 silly get     connection: 'keep-alive',
646 silly get     'set-cookie':
646 silly get      [ '__cfduid=d8c985927f91533435879d3a63e46f5d31536644103; expires=Wed, 11-Sep-19 05:35:03 GMT; path=/; domain=.registry.npmjs.org; HttpOnly' ],
646 silly get     'cf-cache-status': 'HIT',
646 silly get     'cache-control': 'max-age=300',
646 silly get     'cf-ray': '4587c4cd5f1b33fd-HKG',
646 silly get     etag: '"7f14b11feeb550c8910f50797f019898"',
646 silly get     'expect-ct': 'max-age=604800, report-uri="https://report-uri.cloudflare.com/cdn-cgi/beacon/expect-ct"',
646 silly get     'last-modified': 'Fri, 17 Aug 2018 20:35:51 GMT',
646 silly get     vary: 'accept-encoding, accept',
646 silly get     server: 'cloudflare' } ]
647 verbose etag https://registry.npmjs.org/semver from cache
648 verbose get saving semver to /home/chaminda/.npm/registry.npmjs.org/semver/.cache.json
649 silly resolveWithNewModule semver@5.5.1 checking installable status
650 silly cache add args [ 'semver@^5.1.0', null ]
651 verbose cache add spec semver@^5.1.0
652 silly cache add parsed spec Result {
652 silly cache add   raw: 'semver@^5.1.0',
652 silly cache add   scope: null,
652 silly cache add   name: 'semver',
652 silly cache add   rawSpec: '^5.1.0',
652 silly cache add   spec: '>=5.1.0 <6.0.0',
652 silly cache add   type: 'range' }
653 silly addNamed semver@>=5.1.0 <6.0.0
654 verbose addNamed ">=5.1.0 <6.0.0" is a valid semver range for semver
655 silly addNameRange { name: 'semver', range: '>=5.1.0 <6.0.0', hasData: false }
656 silly mapToRegistry name semver
657 silly mapToRegistry using default registry
658 silly mapToRegistry registry https://registry.npmjs.org/
659 silly mapToRegistry uri https://registry.npmjs.org/semver
660 verbose addNameRange registry:https://registry.npmjs.org/semver not in flight; fetching
661 verbose get https://registry.npmjs.org/semver not expired, no request
662 silly addNameRange number 2 { name: 'semver', range: '>=5.1.0 <6.0.0', hasData: true }
663 silly addNameRange versions [ 'semver',
663 silly addNameRange   [ '1.0.0',
663 silly addNameRange     '1.0.1',
663 silly addNameRange     '1.0.2',
663 silly addNameRange     '1.0.3',
663 silly addNameRange     '1.0.4',
663 silly addNameRange     '1.0.5',
663 silly addNameRange     '1.0.6',
663 silly addNameRange     '1.0.7',
663 silly addNameRange     '1.0.8',
663 silly addNameRange     '1.0.9',
663 silly addNameRange     '1.0.10',
663 silly addNameRange     '1.0.11',
663 silly addNameRange     '1.0.12',
663 silly addNameRange     '1.0.13',
663 silly addNameRange     '1.0.14',
663 silly addNameRange     '1.1.0',
663 silly addNameRange     '1.1.1',
663 silly addNameRange     '1.1.2',
663 silly addNameRange     '1.1.3',
663 silly addNameRange     '1.1.4',
663 silly addNameRange     '2.0.0-alpha',
663 silly addNameRange     '2.0.0-beta',
663 silly addNameRange     '2.0.1',
663 silly addNameRange     '2.0.2',
663 silly addNameRange     '2.0.3',
663 silly addNameRange     '2.0.4',
663 silly addNameRange     '2.0.5',
663 silly addNameRange     '2.0.6',
663 silly addNameRange     '2.0.7',
663 silly addNameRange     '2.0.8',
663 silly addNameRange     '2.0.9',
663 silly addNameRange     '2.0.10',
663 silly addNameRange     '2.0.11',
663 silly addNameRange     '2.1.0',
663 silly addNameRange     '2.2.0',
663 silly addNameRange     '2.2.1',
663 silly addNameRange     '2.3.0',
663 silly addNameRange     '2.3.1',
663 silly addNameRange     '2.3.2',
663 silly addNameRange     '3.0.0',
663 silly addNameRange     '3.0.1',
663 silly addNameRange     '4.0.0',
663 silly addNameRange     '4.0.2',
663 silly addNameRange     '4.0.3',
663 silly addNameRange     '4.1.0',
663 silly addNameRange     '4.1.1',
663 silly addNameRange     '4.2.0',
663 silly addNameRange     '4.2.1',
663 silly addNameRange     '4.2.2',
663 silly addNameRange     '4.3.0',
663 silly addNameRange     '4.3.1',
663 silly addNameRange     '4.3.2',
663 silly addNameRange     '4.3.3',
663 silly addNameRange     '4.3.4',
663 silly addNameRange     '4.3.5',
663 silly addNameRange     '4.3.6',
663 silly addNameRange     '5.0.0',
663 silly addNameRange     '5.0.1',
663 silly addNameRange     '5.0.2',
663 silly addNameRange     '5.0.3',
663 silly addNameRange     '5.1.0',
663 silly addNameRange     '5.1.1',
663 silly addNameRange     '5.2.0',
663 silly addNameRange     '5.3.0',
663 silly addNameRange     '5.4.0',
663 silly addNameRange     '5.4.1',
663 silly addNameRange     '5.5.0',
663 silly addNameRange     '5.5.1' ] ]
664 silly addNamed semver@5.5.1
665 verbose addNamed "5.5.1" is a plain semver version for semver
666 silly cache afterAdd semver@5.5.1
667 verbose afterAdd /home/chaminda/.npm/semver/5.5.1/package/package.json not in flight; writing
668 verbose afterAdd /home/chaminda/.npm/semver/5.5.1/package/package.json written
669 silly fetchNamedPackageData bluebird
670 silly mapToRegistry name bluebird
671 silly mapToRegistry using default registry
672 silly mapToRegistry registry https://registry.npmjs.org/
673 silly mapToRegistry uri https://registry.npmjs.org/bluebird
674 silly fetchNamedPackageData debug
675 silly mapToRegistry name debug
676 silly mapToRegistry using default registry
677 silly mapToRegistry registry https://registry.npmjs.org/
678 silly mapToRegistry uri https://registry.npmjs.org/debug
679 verbose request uri https://registry.npmjs.org/debug
680 verbose request no auth needed
681 info attempt registry request try #1 at 11:05:03 AM
682 verbose etag W/"071f67ed90423ad1f1b950be3e0b32c5"
683 verbose lastModified Tue, 11 Sep 2018 03:21:09 GMT
684 http request GET https://registry.npmjs.org/debug
685 verbose request uri https://registry.npmjs.org/bluebird
686 verbose request no auth needed
687 info attempt registry request try #1 at 11:05:03 AM
688 verbose etag W/"8557f40578ae89f75b832e7b321aa7c2"
689 verbose lastModified Mon, 03 Sep 2018 16:17:28 GMT
690 http request GET https://registry.npmjs.org/bluebird
691 http 304 https://registry.npmjs.org/debug
692 verbose headers { date: 'Tue, 11 Sep 2018 05:35:04 GMT',
692 verbose headers   connection: 'keep-alive',
692 verbose headers   'set-cookie':
692 verbose headers    [ '__cfduid=dac481fd55b4b5245f453e4613155e2ab1536644104; expires=Wed, 11-Sep-19 05:35:04 GMT; path=/; domain=.registry.npmjs.org; HttpOnly' ],
692 verbose headers   'cf-cache-status': 'HIT',
692 verbose headers   'cache-control': 'max-age=300',
692 verbose headers   'cf-ray': '4587c4d2a85833f7-HKG',
692 verbose headers   etag: '"071f67ed90423ad1f1b950be3e0b32c5"',
692 verbose headers   'expect-ct': 'max-age=604800, report-uri="https://report-uri.cloudflare.com/cdn-cgi/beacon/expect-ct"',
692 verbose headers   'last-modified': 'Tue, 11 Sep 2018 03:21:09 GMT',
692 verbose headers   vary: 'accept-encoding, accept',
692 verbose headers   'x-amz-meta-rev': '881-d9975f12fef7ce59ed42f611c3bc170f',
692 verbose headers   server: 'cloudflare' }
693 silly get cb [ 304,
693 silly get   { date: 'Tue, 11 Sep 2018 05:35:04 GMT',
693 silly get     connection: 'keep-alive',
693 silly get     'set-cookie':
693 silly get      [ '__cfduid=dac481fd55b4b5245f453e4613155e2ab1536644104; expires=Wed, 11-Sep-19 05:35:04 GMT; path=/; domain=.registry.npmjs.org; HttpOnly' ],
693 silly get     'cf-cache-status': 'HIT',
693 silly get     'cache-control': 'max-age=300',
693 silly get     'cf-ray': '4587c4d2a85833f7-HKG',
693 silly get     etag: '"071f67ed90423ad1f1b950be3e0b32c5"',
693 silly get     'expect-ct': 'max-age=604800, report-uri="https://report-uri.cloudflare.com/cdn-cgi/beacon/expect-ct"',
693 silly get     'last-modified': 'Tue, 11 Sep 2018 03:21:09 GMT',
693 silly get     vary: 'accept-encoding, accept',
693 silly get     'x-amz-meta-rev': '881-d9975f12fef7ce59ed42f611c3bc170f',
693 silly get     server: 'cloudflare' } ]
694 verbose etag https://registry.npmjs.org/debug from cache
695 verbose get saving debug to /home/chaminda/.npm/registry.npmjs.org/debug/.cache.json
696 silly resolveWithNewModule debug@3.1.0 checking installable status
697 silly cache add args [ 'debug@3.1.0', null ]
698 verbose cache add spec debug@3.1.0
699 silly cache add parsed spec Result {
699 silly cache add   raw: 'debug@3.1.0',
699 silly cache add   scope: null,
699 silly cache add   name: 'debug',
699 silly cache add   rawSpec: '3.1.0',
699 silly cache add   spec: '3.1.0',
699 silly cache add   type: 'version' }
700 silly addNamed debug@3.1.0
701 verbose addNamed "3.1.0" is a plain semver version for debug
702 silly mapToRegistry name debug
703 silly mapToRegistry using default registry
704 silly mapToRegistry registry https://registry.npmjs.org/
705 silly mapToRegistry uri https://registry.npmjs.org/debug
706 verbose addNameVersion registry:https://registry.npmjs.org/debug not in flight; fetching
707 verbose get https://registry.npmjs.org/debug not expired, no request
708 silly cache afterAdd debug@3.1.0
709 verbose afterAdd /home/chaminda/.npm/debug/3.1.0/package/package.json not in flight; writing
710 verbose afterAdd /home/chaminda/.npm/debug/3.1.0/package/package.json written
711 http 304 https://registry.npmjs.org/bluebird
712 verbose headers { date: 'Tue, 11 Sep 2018 05:35:04 GMT',
712 verbose headers   connection: 'keep-alive',
712 verbose headers   'set-cookie':
712 verbose headers    [ '__cfduid=dabc08133cc7d22b625c0f4943c2b50e51536644104; expires=Wed, 11-Sep-19 05:35:04 GMT; path=/; domain=.registry.npmjs.org; HttpOnly' ],
712 verbose headers   'cf-cache-status': 'HIT',
712 verbose headers   'cache-control': 'max-age=300',
712 verbose headers   'cf-ray': '4587c4d2efd5339d-HKG',
712 verbose headers   etag: '"8557f40578ae89f75b832e7b321aa7c2"',
712 verbose headers   'expect-ct': 'max-age=604800, report-uri="https://report-uri.cloudflare.com/cdn-cgi/beacon/expect-ct"',
712 verbose headers   'last-modified': 'Mon, 03 Sep 2018 16:17:28 GMT',
712 verbose headers   vary: 'accept-encoding, accept',
712 verbose headers   'x-amz-meta-rev': '1105-99d1d60d34daddbad76f3e53984a6db8',
712 verbose headers   server: 'cloudflare' }
713 silly get cb [ 304,
713 silly get   { date: 'Tue, 11 Sep 2018 05:35:04 GMT',
713 silly get     connection: 'keep-alive',
713 silly get     'set-cookie':
713 silly get      [ '__cfduid=dabc08133cc7d22b625c0f4943c2b50e51536644104; expires=Wed, 11-Sep-19 05:35:04 GMT; path=/; domain=.registry.npmjs.org; HttpOnly' ],
713 silly get     'cf-cache-status': 'HIT',
713 silly get     'cache-control': 'max-age=300',
713 silly get     'cf-ray': '4587c4d2efd5339d-HKG',
713 silly get     etag: '"8557f40578ae89f75b832e7b321aa7c2"',
713 silly get     'expect-ct': 'max-age=604800, report-uri="https://report-uri.cloudflare.com/cdn-cgi/beacon/expect-ct"',
713 silly get     'last-modified': 'Mon, 03 Sep 2018 16:17:28 GMT',
713 silly get     vary: 'accept-encoding, accept',
713 silly get     'x-amz-meta-rev': '1105-99d1d60d34daddbad76f3e53984a6db8',
713 silly get     server: 'cloudflare' } ]
714 verbose etag https://registry.npmjs.org/bluebird from cache
715 verbose get saving bluebird to /home/chaminda/.npm/registry.npmjs.org/bluebird/.cache.json
716 silly resolveWithNewModule bluebird@3.5.1 checking installable status
717 silly cache add args [ 'bluebird@3.5.1', null ]
718 verbose cache add spec bluebird@3.5.1
719 silly cache add parsed spec Result {
719 silly cache add   raw: 'bluebird@3.5.1',
719 silly cache add   scope: null,
719 silly cache add   name: 'bluebird',
719 silly cache add   rawSpec: '3.5.1',
719 silly cache add   spec: '3.5.1',
719 silly cache add   type: 'version' }
720 silly addNamed bluebird@3.5.1
721 verbose addNamed "3.5.1" is a plain semver version for bluebird
722 silly mapToRegistry name bluebird
723 silly mapToRegistry using default registry
724 silly mapToRegistry registry https://registry.npmjs.org/
725 silly mapToRegistry uri https://registry.npmjs.org/bluebird
726 verbose addNameVersion registry:https://registry.npmjs.org/bluebird not in flight; fetching
727 verbose get https://registry.npmjs.org/bluebird not expired, no request
728 silly cache afterAdd bluebird@3.5.1
729 verbose afterAdd /home/chaminda/.npm/bluebird/3.5.1/package/package.json not in flight; writing
730 verbose afterAdd /home/chaminda/.npm/bluebird/3.5.1/package/package.json written
731 silly loadAllDepsIntoIdealTree Finishing
732 silly idealTree:prePrune lib
732 silly idealTree:prePrune  mongoose@5.2.14
732 silly idealTree:prePrune    async@2.6.1
732 silly idealTree:prePrune    bluebird@3.5.1
732 silly idealTree:prePrune    bson@1.0.9
732 silly idealTree:prePrune    debug@3.1.0
732 silly idealTree:prePrune    kareem@2.2.1
732 silly idealTree:prePrune    lodash.get@4.4.2
732 silly idealTree:prePrune    lodash@4.17.10
732 silly idealTree:prePrune    mongodb-core@3.1.3
732 silly idealTree:prePrune     bson@1.1.0
732 silly idealTree:prePrune    mongodb@3.1.4
732 silly idealTree:prePrune    mongoose-legacy-pluralize@1.0.2
732 silly idealTree:prePrune    mpath@0.5.1
732 silly idealTree:prePrune    mquery@3.2.0
732 silly idealTree:prePrune    ms@2.0.0
732 silly idealTree:prePrune    regexp-clone@0.0.1
732 silly idealTree:prePrune    require_optional@1.0.1
732 silly idealTree:prePrune    resolve-from@2.0.0
732 silly idealTree:prePrune    safe-buffer@5.1.2
732 silly idealTree:prePrune    saslprep@1.0.1
732 silly idealTree:prePrune    semver@5.5.1
732 silly idealTree:prePrune    sliced@1.0.1
733 silly loadIdealTree Finishing
734 silly currentTree lib
735 silly idealTree lib
735 silly idealTree  mongoose@5.2.14
735 silly idealTree    async@2.6.1
735 silly idealTree    bluebird@3.5.1
735 silly idealTree    bson@1.0.9
735 silly idealTree    debug@3.1.0
735 silly idealTree    kareem@2.2.1
735 silly idealTree    lodash.get@4.4.2
735 silly idealTree    lodash@4.17.10
735 silly idealTree    mongodb-core@3.1.3
735 silly idealTree     bson@1.1.0
735 silly idealTree    mongodb@3.1.4
735 silly idealTree    mongoose-legacy-pluralize@1.0.2
735 silly idealTree    mpath@0.5.1
735 silly idealTree    mquery@3.2.0
735 silly idealTree    ms@2.0.0
735 silly idealTree    regexp-clone@0.0.1
735 silly idealTree    require_optional@1.0.1
735 silly idealTree    resolve-from@2.0.0
735 silly idealTree    safe-buffer@5.1.2
735 silly idealTree    saslprep@1.0.1
735 silly idealTree    semver@5.5.1
735 silly idealTree    sliced@1.0.1
736 silly generateActionsToTake Starting
737 silly install generateActionsToTake
738 warn checkPermissions Missing write access to /usr/local/lib/node_modules
739 silly rollbackFailedOptional Starting
740 silly rollbackFailedOptional Finishing
741 silly runTopLevelLifecycles Starting
742 silly runTopLevelLifecycles Finishing
743 silly install printInstalled
744 verbose stack Error: EACCES: permission denied, access '/usr/local/lib/node_modules'
745 verbose cwd /home/chaminda/WorkSpaces/nodejsWorkspace/project
746 error Linux 4.15.0-34-generic
747 error argv "/usr/bin/node" "/usr/bin/npm" "install" "-g" "mongoose" "--save"
748 error node v8.10.0
749 error npm  v3.5.2
750 error path /usr/local/lib/node_modules
751 error code EACCES
752 error errno -13
753 error syscall access
754 error Error: EACCES: permission denied, access '/usr/local/lib/node_modules'
754 error  { Error: EACCES: permission denied, access '/usr/local/lib/node_modules'
754 error   errno: -13,
754 error   code: 'EACCES',
754 error   syscall: 'access',
754 error   path: '/usr/local/lib/node_modules' }
755 error Please try running this command again as root/Administrator.
756 verbose exit [ -13, true ]
